This file contains any messages produced by compilers while
running configure, to aid debugging if configure makes a mistake.

It was created by iceplayer configure 4.0.5-20110520, which was
generated by GNU Autoconf 2.69.  Invocation command line was

  $ ./configure --no-create --no-recursion

## --------- ##
## Platform. ##
## --------- ##

hostname = qingyu-GreatWall
uname -m = x86_64
uname -r = 4.4.36-8-default
uname -s = Linux
uname -v = #1 SMP Fri Dec 9 16:18:38 UTC 2016 (3ec5648)

/usr/bin/uname -p = x86_64
/bin/uname -X     = unknown

/bin/arch              = x86_64
/usr/bin/arch -k       = unknown
/usr/convex/getsysinfo = unknown
/usr/bin/hostinfo      = unknown
/bin/machine           = unknown
/usr/bin/oslevel       = unknown
/bin/universe          = unknown

PATH: /home/qingyu/bin
PATH: /usr/local/bin
PATH: /usr/bin
PATH: /bin
PATH: /usr/bin/X11
PATH: /usr/games
PATH: /usr/local/bin
PATH: /usr/local/bin


## ----------- ##
## Core tests. ##
## ----------- ##

configure:2104: loading site script /usr/share/site/x86_64-unknown-linux-gnu
| #!/bin/sh
| # Site script for configure. It is resourced via $CONFIG_SITE environment varaible.
| 
| # If user did not specify libdir, guess the correct target:
| # Use lib64 for 64 bit bi-arch targets, keep the default for the rest.
| if test "$libdir" = '${exec_prefix}/lib' ; then
| 
| 	ac_config_site_64bit_host=NONE
| 
| 	case "$host" in
| 	"" )
| 		# User did not specify host target.
| 		# The native platform x86_64 is a bi-arch platform.
| 		# Try to detect cross-compilation to inferior architecture.
| 
| 		# We are trying to guess 32-bit target compilation. It's not as easy as
| 		# it sounds, as there is possible several intermediate combinations.
| 		ac_config_site_cross_to_32bit_host=NONE
| 
| 		# User defined -m32 in CFLAGS or CXXFLAGS or CC or CXX:
| 		# (It's sufficient for 32-bit, but alone may cause mis-behavior of some checks.)
| 		case "$CFLAGS $CXXFLAGS $CC $CXX" in
| 		*-m32*)
| 			ac_config_site_cross_to_32bit_host=YES
| 			;;
| 		esac
| 
| 		# Running with linux32:
| 		# (Changes detected platform, but not the toolchain target.)
| 		case "`/bin/uname -i`" in
| 		x86_64 | ppc64 | s390x )
| 			;;
| 		* )
| 			ac_config_site_cross_to_32bit_host=YES
| 			;;
| 		esac
| 
| 		if test "x$ac_config_site_cross_to_32bit_host" = xNONE; then
| 			ac_config_site_64bit_host=YES
| 		fi
| 
| 		;;
| 	*x86_64* | *ppc64* | *s390x* )
| 		ac_config_site_64bit_host=YES
| 		;;
| 	esac
| 
| 	if test "x$ac_config_site_64bit_host" = xYES; then
| 		libdir='${exec_prefix}/lib64'
| 	fi
| fi
| 
| # If user did not specify libexecdir, set the correct target:
| # Nor FHS nor openSUSE allow prefix/libexec. Let's default to prefix/lib.
| 
| if test "$libexecdir" = '${exec_prefix}/libexec' ; then
| 	libexecdir='${exec_prefix}/lib'
| fi
| 
| # Continue with the standard behavior of configure defined in AC_SITE_LOAD:
| if test "x$prefix" != xNONE; then
| 	ac_site_file1=$prefix/share/config.site
| 	ac_site_file2=$prefix/etc/config.site
| else
| 	ac_site_file1=$ac_default_prefix/share/config.site
| 	ac_site_file2=$ac_default_prefix/etc/config.site
| fi
| for ac_site_file in "$ac_site_file1" "$ac_site_file2"
| do
| 	test "x$ac_site_file" = xNONE && continue
| 	if test /dev/null != "$ac_site_file" && test -r "$ac_site_file"; then
| 		{ $as_echo "/usr/share/site/x86_64-unknown-linux-gnu:${as_lineno-$LINENO}: loading site script $ac_site_file" >&5
| $as_echo "/usr/share/site/x86_64-unknown-linux-gnu: loading site script $ac_site_file" >&6;}
| 		sed 's/^/| /' "$ac_site_file" >&5
| 		. "$ac_site_file" \
| 			|| { { $as_echo "/usr/share/site/x86_64-unknown-linux-gnu:${as_lineno-$LINENO}: error: in \`$ac_pwd':" >&5
| $as_echo "/usr/share/site/x86_64-unknown-linux-gnu: error: in \`$ac_pwd':" >&2;}
| as_fn_error $? "failed to load site script $ac_site_file
| See \`config.log' for more details" "$LINENO" 5; }
| 	fi
| done
configure:2248: checking for a BSD-compatible install
configure:2316: result: /usr/bin/install -c
configure:2327: checking whether build environment is sane
configure:2377: result: yes
configure:2518: checking for a thread-safe mkdir -p
configure:2557: result: /usr/bin/mkdir -p
configure:2570: checking for gawk
configure:2586: found /usr/bin/gawk
configure:2597: result: gawk
configure:2608: checking whether make sets $(MAKE)
configure:2630: result: yes
configure:2761: checking for gcc
configure:2777: found /usr/bin/gcc
configure:2788: result: gcc
configure:3017: checking for C compiler version
configure:3026: gcc --version >&5
gcc (SUSE Linux) 4.8.5
Copyright (C) 2015 Free Software Foundation, Inc.
This is free software; see the source for copying conditions.  There is NO
warranty; not even for MERCHANTABILITY or FITNESS FOR A PARTICULAR PURPOSE.

configure:3037: $? = 0
configure:3026: gcc -v >&5
Using built-in specs.
COLLECT_GCC=gcc
COLLECT_LTO_WRAPPER=/usr/lib64/gcc/x86_64-suse-linux/4.8/lto-wrapper
Target: x86_64-suse-linux
Configured with: ../configure --prefix=/usr --infodir=/usr/share/info --mandir=/usr/share/man --libdir=/usr/lib64 --libexecdir=/usr/lib64 --enable-languages=c,c++,objc,fortran,obj-c++,java,ada --enable-checking=release --with-gxx-include-dir=/usr/include/c++/4.8 --enable-ssp --disable-libssp --disable-plugin --with-bugurl=http://bugs.opensuse.org/ --with-pkgversion='SUSE Linux' --disable-libgcj --disable-libmudflap --with-slibdir=/lib64 --with-system-zlib --enable-__cxa_atexit --enable-libstdcxx-allocator=new --disable-libstdcxx-pch --enable-version-specific-runtime-libs --enable-linker-build-id --enable-linux-futex --program-suffix=-4.8 --without-system-libunwind --with-arch-32=i586 --with-tune=generic --build=x86_64-suse-linux --host=x86_64-suse-linux
Thread model: posix
gcc version 4.8.5 (SUSE Linux) 
configure:3037: $? = 0
configure:3026: gcc -V >&5
gcc: error: unrecognized command line option '-V'
gcc: fatal error: no input files
compilation terminated.
configure:3037: $? = 1
configure:3026: gcc -qversion >&5
gcc: error: unrecognized command line option '-qversion'
gcc: fatal error: no input files
compilation terminated.
configure:3037: $? = 1
configure:3057: checking whether the C compiler works
configure:3079: gcc    conftest.c  >&5
configure:3083: $? = 0
configure:3131: result: yes
configure:3134: checking for C compiler default output file name
configure:3136: result: a.out
configure:3142: checking for suffix of executables
configure:3149: gcc -o conftest    conftest.c  >&5
configure:3153: $? = 0
configure:3175: result: 
configure:3197: checking whether we are cross compiling
configure:3205: gcc -o conftest    conftest.c  >&5
configure:3209: $? = 0
configure:3216: ./conftest
configure:3220: $? = 0
configure:3235: result: no
configure:3240: checking for suffix of object files
configure:3262: gcc -c   conftest.c >&5
configure:3266: $? = 0
configure:3287: result: o
configure:3291: checking whether we are using the GNU C compiler
configure:3310: gcc -c   conftest.c >&5
configure:3310: $? = 0
configure:3319: result: yes
configure:3328: checking whether gcc accepts -g
configure:3348: gcc -c -g  conftest.c >&5
configure:3348: $? = 0
configure:3389: result: yes
configure:3406: checking for gcc option to accept ISO C89
configure:3469: gcc  -c -g -O2  conftest.c >&5
configure:3469: $? = 0
configure:3482: result: none needed
configure:3513: checking for style of include used by make
configure:3541: result: GNU
configure:3566: checking dependency style of gcc
configure:3676: result: gcc3
configure:3697: checking for `pkg-config gtk+-2.0 --libs``pkg-config --libs gstreamer-0.10`  -lX11 -lnotify in -l`pkg-config gtk+-2.0 --libs``pkg-config --libs gstreamer-0.10`  -lX11 -lnotify
configure:3722: gcc -o conftest -g -O2   conftest.c -l-lgtk-x11-2.0 -lgdk-x11-2.0 -lpangocairo-1.0 -latk-1.0 -lcairo -lgdk_pixbuf-2.0 -lgio-2.0 -lpangoft2-1.0 -lpango-1.0 -lgobject-2.0 -lglib-2.0 -lfontconfig -lfreetype -lgstreamer-0.10 -lgobject-2.0 -lgmodule-2.0 -pthread -lgthread-2.0 -pthread -lglib-2.0 -lxml2   -lX11 -lnotify   >&5
conftest.c:18:6: error: expected identifier or '(' before '-' token
 char -lgtk-x11-2.0 -lgdk-x11-2.0 -lpangocairo-1.0 -latk-1.0 -lcairo -lgdk_pixbuf-2.0 -lgio-2.0 -lpangoft2-1.0 -lpango-1.0 -lgobject-2.0 -lglib-2.0 -lfontconfig -lfreetype -lgstreamer-0.10 -lgobject-2.0 -lgmodule-2.0 -pthread -lgthread-2.0 -pthread -lglib-2.0 -lxml2   -lX11 -lnotify ();
      ^
conftest.c: In function 'main':
conftest.c:22:9: error: 'lgtk' undeclared (first use in this function)
 return -lgtk-x11-2.0 -lgdk-x11-2.0 -lpangocairo-1.0 -latk-1.0 -lcairo -lgdk_pixbuf-2.0 -lgio-2.0 -lpangoft2-1.0 -lpango-1.0 -lgobject-2.0 -lglib-2.0 -lfontconfig -lfreetype -lgstreamer-0.10 -lgobject-2.0 -lgmodule-2.0 -pthread -lgthread-2.0 -pthread -lglib-2.0 -lxml2   -lX11 -lnotify ();
         ^
conftest.c:22:9: note: each undeclared identifier is reported only once for each function it appears in
conftest.c:22:14: error: 'x11' undeclared (first use in this function)
 return -lgtk-x11-2.0 -lgdk-x11-2.0 -lpangocairo-1.0 -latk-1.0 -lcairo -lgdk_pixbuf-2.0 -lgio-2.0 -lpangoft2-1.0 -lpango-1.0 -lgobject-2.0 -lglib-2.0 -lfontconfig -lfreetype -lgstreamer-0.10 -lgobject-2.0 -lgmodule-2.0 -pthread -lgthread-2.0 -pthread -lglib-2.0 -lxml2   -lX11 -lnotify ();
              ^
conftest.c:22:23: error: 'lgdk' undeclared (first use in this function)
 return -lgtk-x11-2.0 -lgdk-x11-2.0 -lpangocairo-1.0 -latk-1.0 -lcairo -lgdk_pixbuf-2.0 -lgio-2.0 -lpangoft2-1.0 -lpango-1.0 -lgobject-2.0 -lglib-2.0 -lfontconfig -lfreetype -lgstreamer-0.10 -lgobject-2.0 -lgmodule-2.0 -pthread -lgthread-2.0 -pthread -lglib-2.0 -lxml2   -lX11 -lnotify ();
                       ^
conftest.c:22:37: error: 'lpangocairo' undeclared (first use in this function)
 return -lgtk-x11-2.0 -lgdk-x11-2.0 -lpangocairo-1.0 -latk-1.0 -lcairo -lgdk_pixbuf-2.0 -lgio-2.0 -lpangoft2-1.0 -lpango-1.0 -lgobject-2.0 -lglib-2.0 -lfontconfig -lfreetype -lgstreamer-0.10 -lgobject-2.0 -lgmodule-2.0 -pthread -lgthread-2.0 -pthread -lglib-2.0 -lxml2   -lX11 -lnotify ();
                                     ^
conftest.c:22:54: error: 'latk' undeclared (first use in this function)
 return -lgtk-x11-2.0 -lgdk-x11-2.0 -lpangocairo-1.0 -latk-1.0 -lcairo -lgdk_pixbuf-2.0 -lgio-2.0 -lpangoft2-1.0 -lpango-1.0 -lgobject-2.0 -lglib-2.0 -lfontconfig -lfreetype -lgstreamer-0.10 -lgobject-2.0 -lgmodule-2.0 -pthread -lgthread-2.0 -pthread -lglib-2.0 -lxml2   -lX11 -lnotify ();
                                                      ^
conftest.c:22:64: error: 'lcairo' undeclared (first use in this function)
 return -lgtk-x11-2.0 -lgdk-x11-2.0 -lpangocairo-1.0 -latk-1.0 -lcairo -lgdk_pixbuf-2.0 -lgio-2.0 -lpangoft2-1.0 -lpango-1.0 -lgobject-2.0 -lglib-2.0 -lfontconfig -lfreetype -lgstreamer-0.10 -lgobject-2.0 -lgmodule-2.0 -pthread -lgthread-2.0 -pthread -lglib-2.0 -lxml2   -lX11 -lnotify ();
                                                                ^
conftest.c:22:72: error: 'lgdk_pixbuf' undeclared (first use in this function)
 return -lgtk-x11-2.0 -lgdk-x11-2.0 -lpangocairo-1.0 -latk-1.0 -lcairo -lgdk_pixbuf-2.0 -lgio-2.0 -lpangoft2-1.0 -lpango-1.0 -lgobject-2.0 -lglib-2.0 -lfontconfig -lfreetype -lgstreamer-0.10 -lgobject-2.0 -lgmodule-2.0 -pthread -lgthread-2.0 -pthread -lglib-2.0 -lxml2   -lX11 -lnotify ();
                                                                        ^
conftest.c:22:89: error: 'lgio' undeclared (first use in this function)
 return -lgtk-x11-2.0 -lgdk-x11-2.0 -lpangocairo-1.0 -latk-1.0 -lcairo -lgdk_pixbuf-2.0 -lgio-2.0 -lpangoft2-1.0 -lpango-1.0 -lgobject-2.0 -lglib-2.0 -lfontconfig -lfreetype -lgstreamer-0.10 -lgobject-2.0 -lgmodule-2.0 -pthread -lgthread-2.0 -pthread -lglib-2.0 -lxml2   -lX11 -lnotify ();
                                                                                         ^
conftest.c:22:99: error: 'lpangoft2' undeclared (first use in this function)
 return -lgtk-x11-2.0 -lgdk-x11-2.0 -lpangocairo-1.0 -latk-1.0 -lcairo -lgdk_pixbuf-2.0 -lgio-2.0 -lpangoft2-1.0 -lpango-1.0 -lgobject-2.0 -lglib-2.0 -lfontconfig -lfreetype -lgstreamer-0.10 -lgobject-2.0 -lgmodule-2.0 -pthread -lgthread-2.0 -pthread -lglib-2.0 -lxml2   -lX11 -lnotify ();
                                                                                                   ^
conftest.c:22:114: error: 'lpango' undeclared (first use in this function)
 return -lgtk-x11-2.0 -lgdk-x11-2.0 -lpangocairo-1.0 -latk-1.0 -lcairo -lgdk_pixbuf-2.0 -lgio-2.0 -lpangoft2-1.0 -lpango-1.0 -lgobject-2.0 -lglib-2.0 -lfontconfig -lfreetype -lgstreamer-0.10 -lgobject-2.0 -lgmodule-2.0 -pthread -lgthread-2.0 -pthread -lglib-2.0 -lxml2   -lX11 -lnotify ();
                                                                                                                  ^
conftest.c:22:126: error: 'lgobject' undeclared (first use in this function)
 return -lgtk-x11-2.0 -lgdk-x11-2.0 -lpangocairo-1.0 -latk-1.0 -lcairo -lgdk_pixbuf-2.0 -lgio-2.0 -lpangoft2-1.0 -lpango-1.0 -lgobject-2.0 -lglib-2.0 -lfontconfig -lfreetype -lgstreamer-0.10 -lgobject-2.0 -lgmodule-2.0 -pthread -lgthread-2.0 -pthread -lglib-2.0 -lxml2   -lX11 -lnotify ();
                                                                                                                              ^
conftest.c:22:140: error: 'lglib' undeclared (first use in this function)
 return -lgtk-x11-2.0 -lgdk-x11-2.0 -lpangocairo-1.0 -latk-1.0 -lcairo -lgdk_pixbuf-2.0 -lgio-2.0 -lpangoft2-1.0 -lpango-1.0 -lgobject-2.0 -lglib-2.0 -lfontconfig -lfreetype -lgstreamer-0.10 -lgobject-2.0 -lgmodule-2.0 -pthread -lgthread-2.0 -pthread -lglib-2.0 -lxml2   -lX11 -lnotify ();
                                                                                                                                            ^
conftest.c:22:151: error: 'lfontconfig' undeclared (first use in this function)
 return -lgtk-x11-2.0 -lgdk-x11-2.0 -lpangocairo-1.0 -latk-1.0 -lcairo -lgdk_pixbuf-2.0 -lgio-2.0 -lpangoft2-1.0 -lpango-1.0 -lgobject-2.0 -lglib-2.0 -lfontconfig -lfreetype -lgstreamer-0.10 -lgobject-2.0 -lgmodule-2.0 -pthread -lgthread-2.0 -pthread -lglib-2.0 -lxml2   -lX11 -lnotify ();
                                                                                                                                                       ^
conftest.c:22:164: error: 'lfreetype' undeclared (first use in this function)
 return -lgtk-x11-2.0 -lgdk-x11-2.0 -lpangocairo-1.0 -latk-1.0 -lcairo -lgdk_pixbuf-2.0 -lgio-2.0 -lpangoft2-1.0 -lpango-1.0 -lgobject-2.0 -lglib-2.0 -lfontconfig -lfreetype -lgstreamer-0.10 -lgobject-2.0 -lgmodule-2.0 -pthread -lgthread-2.0 -pthread -lglib-2.0 -lxml2   -lX11 -lnotify ();
                                                                                                                                                                    ^
conftest.c:22:175: error: 'lgstreamer' undeclared (first use in this function)
 return -lgtk-x11-2.0 -lgdk-x11-2.0 -lpangocairo-1.0 -latk-1.0 -lcairo -lgdk_pixbuf-2.0 -lgio-2.0 -lpangoft2-1.0 -lpango-1.0 -lgobject-2.0 -lglib-2.0 -lfontconfig -lfreetype -lgstreamer-0.10 -lgobject-2.0 -lgmodule-2.0 -pthread -lgthread-2.0 -pthread -lglib-2.0 -lxml2   -lX11 -lnotify ();
                                                                                                                                                                               ^
conftest.c:22:206: error: 'lgmodule' undeclared (first use in this function)
 return -lgtk-x11-2.0 -lgdk-x11-2.0 -lpangocairo-1.0 -latk-1.0 -lcairo -lgdk_pixbuf-2.0 -lgio-2.0 -lpangoft2-1.0 -lpango-1.0 -lgobject-2.0 -lglib-2.0 -lfontconfig -lfreetype -lgstreamer-0.10 -lgobject-2.0 -lgmodule-2.0 -pthread -lgthread-2.0 -pthread -lglib-2.0 -lxml2   -lX11 -lnotify ();
                                                                                                                                                                                                              ^
conftest.c:22:220: error: 'pthread' undeclared (first use in this function)
 return -lgtk-x11-2.0 -lgdk-x11-2.0 -lpangocairo-1.0 -latk-1.0 -lcairo -lgdk_pixbuf-2.0 -lgio-2.0 -lpangoft2-1.0 -lpango-1.0 -lgobject-2.0 -lglib-2.0 -lfontconfig -lfreetype -lgstreamer-0.10 -lgobject-2.0 -lgmodule-2.0 -pthread -lgthread-2.0 -pthread -lglib-2.0 -lxml2   -lX11 -lnotify ();
                                                                                                                                                                                                                            ^
conftest.c:22:229: error: 'lgthread' undeclared (first use in this function)
 return -lgtk-x11-2.0 -lgdk-x11-2.0 -lpangocairo-1.0 -latk-1.0 -lcairo -lgdk_pixbuf-2.0 -lgio-2.0 -lpangoft2-1.0 -lpango-1.0 -lgobject-2.0 -lglib-2.0 -lfontconfig -lfreetype -lgstreamer-0.10 -lgobject-2.0 -lgmodule-2.0 -pthread -lgthread-2.0 -pthread -lglib-2.0 -lxml2   -lX11 -lnotify ();
                                                                                                                                                                                                                                     ^
conftest.c:22:263: error: 'lxml2' undeclared (first use in this function)
 return -lgtk-x11-2.0 -lgdk-x11-2.0 -lpangocairo-1.0 -latk-1.0 -lcairo -lgdk_pixbuf-2.0 -lgio-2.0 -lpangoft2-1.0 -lpango-1.0 -lgobject-2.0 -lglib-2.0 -lfontconfig -lfreetype -lgstreamer-0.10 -lgobject-2.0 -lgmodule-2.0 -pthread -lgthread-2.0 -pthread -lglib-2.0 -lxml2   -lX11 -lnotify ();
                                                                                                                                                                                                                                                                       ^
conftest.c:22:272: error: 'lX11' undeclared (first use in this function)
 return -lgtk-x11-2.0 -lgdk-x11-2.0 -lpangocairo-1.0 -latk-1.0 -lcairo -lgdk_pixbuf-2.0 -lgio-2.0 -lpangoft2-1.0 -lpango-1.0 -lgobject-2.0 -lglib-2.0 -lfontconfig -lfreetype -lgstreamer-0.10 -lgobject-2.0 -lgmodule-2.0 -pthread -lgthread-2.0 -pthread -lglib-2.0 -lxml2   -lX11 -lnotify ();
                                                                                                                                                                                                                                                                                ^
configure:3722: $? = 1
configure: failed program was:
| /* confdefs.h */
| #define PACKAGE_NAME "iceplayer"
| #define PACKAGE_TARNAME "iceplayer"
| #define PACKAGE_VERSION "4.0.5-20110520"
| #define PACKAGE_STRING "iceplayer 4.0.5-20110520"
| #define PACKAGE_BUGREPORT "jasy.ice@163.com"
| #define PACKAGE_URL ""
| #define PACKAGE "iceplayer"
| #define VERSION "4.0.5-20110520"
| /* end confdefs.h.  */
| 
| /* Override any GCC internal prototype to avoid an error.
|    Use char because int might match the return type of a GCC
|    builtin and then its argument prototype would still apply.  */
| #ifdef __cplusplus
| extern "C"
| #endif
| char -lgtk-x11-2.0 -lgdk-x11-2.0 -lpangocairo-1.0 -latk-1.0 -lcairo -lgdk_pixbuf-2.0 -lgio-2.0 -lpangoft2-1.0 -lpango-1.0 -lgobject-2.0 -lglib-2.0 -lfontconfig -lfreetype -lgstreamer-0.10 -lgobject-2.0 -lgmodule-2.0 -pthread -lgthread-2.0 -pthread -lglib-2.0 -lxml2   -lX11 -lnotify ();
| int
| main ()
| {
| return -lgtk-x11-2.0 -lgdk-x11-2.0 -lpangocairo-1.0 -latk-1.0 -lcairo -lgdk_pixbuf-2.0 -lgio-2.0 -lpangoft2-1.0 -lpango-1.0 -lgobject-2.0 -lglib-2.0 -lfontconfig -lfreetype -lgstreamer-0.10 -lgobject-2.0 -lgmodule-2.0 -pthread -lgthread-2.0 -pthread -lglib-2.0 -lxml2   -lX11 -lnotify ();
|   ;
|   return 0;
| }
configure:3732: result: no
configure:3750: checking how to run the C preprocessor
configure:3781: gcc -E  conftest.c
configure:3781: $? = 0
configure:3795: gcc -E  conftest.c
conftest.c:11:28: fatal error: ac_nonexistent.h: No such file or directory
 #include <ac_nonexistent.h>
                            ^
compilation terminated.
configure:3795: $? = 1
configure: failed program was:
| /* confdefs.h */
| #define PACKAGE_NAME "iceplayer"
| #define PACKAGE_TARNAME "iceplayer"
| #define PACKAGE_VERSION "4.0.5-20110520"
| #define PACKAGE_STRING "iceplayer 4.0.5-20110520"
| #define PACKAGE_BUGREPORT "jasy.ice@163.com"
| #define PACKAGE_URL ""
| #define PACKAGE "iceplayer"
| #define VERSION "4.0.5-20110520"
| /* end confdefs.h.  */
| #include <ac_nonexistent.h>
configure:3820: result: gcc -E
configure:3840: gcc -E  conftest.c
configure:3840: $? = 0
configure:3854: gcc -E  conftest.c
conftest.c:11:28: fatal error: ac_nonexistent.h: No such file or directory
 #include <ac_nonexistent.h>
                            ^
compilation terminated.
configure:3854: $? = 1
configure: failed program was:
| /* confdefs.h */
| #define PACKAGE_NAME "iceplayer"
| #define PACKAGE_TARNAME "iceplayer"
| #define PACKAGE_VERSION "4.0.5-20110520"
| #define PACKAGE_STRING "iceplayer 4.0.5-20110520"
| #define PACKAGE_BUGREPORT "jasy.ice@163.com"
| #define PACKAGE_URL ""
| #define PACKAGE "iceplayer"
| #define VERSION "4.0.5-20110520"
| /* end confdefs.h.  */
| #include <ac_nonexistent.h>
configure:3883: checking for X
configure:4022: gcc -o conftest -g -O2   conftest.c -lX11  >&5
configure:4022: $? = 0
configure:4072: result: libraries , headers 
configure:4076: checking for grep that handles long lines and -e
configure:4134: result: /usr/bin/grep
configure:4139: checking for egrep
configure:4201: result: /usr/bin/grep -E
configure:4206: checking for ANSI C header files
configure:4226: gcc -c -g -O2  conftest.c >&5
configure:4226: $? = 0
configure:4299: gcc -o conftest -g -O2   conftest.c  >&5
configure:4299: $? = 0
configure:4299: ./conftest
configure:4299: $? = 0
configure:4310: result: yes
configure:4323: checking for sys/types.h
configure:4323: gcc -c -g -O2  conftest.c >&5
configure:4323: $? = 0
configure:4323: result: yes
configure:4323: checking for sys/stat.h
configure:4323: gcc -c -g -O2  conftest.c >&5
configure:4323: $? = 0
configure:4323: result: yes
configure:4323: checking for stdlib.h
configure:4323: gcc -c -g -O2  conftest.c >&5
configure:4323: $? = 0
configure:4323: result: yes
configure:4323: checking for string.h
configure:4323: gcc -c -g -O2  conftest.c >&5
configure:4323: $? = 0
configure:4323: result: yes
configure:4323: checking for memory.h
configure:4323: gcc -c -g -O2  conftest.c >&5
configure:4323: $? = 0
configure:4323: result: yes
configure:4323: checking for strings.h
configure:4323: gcc -c -g -O2  conftest.c >&5
configure:4323: $? = 0
configure:4323: result: yes
configure:4323: checking for inttypes.h
configure:4323: gcc -c -g -O2  conftest.c >&5
configure:4323: $? = 0
configure:4323: result: yes
configure:4323: checking for stdint.h
configure:4323: gcc -c -g -O2  conftest.c >&5
configure:4323: $? = 0
configure:4323: result: yes
configure:4323: checking for unistd.h
configure:4323: gcc -c -g -O2  conftest.c >&5
configure:4323: $? = 0
configure:4323: result: yes
configure:4338: checking core.h usability
configure:4338: gcc -c -g -O2  conftest.c >&5
conftest.c:54:18: fatal error: core.h: No such file or directory
 #include <core.h>
                  ^
compilation terminated.
configure:4338: $? = 1
configure: failed program was:
| /* confdefs.h */
| #define PACKAGE_NAME "iceplayer"
| #define PACKAGE_TARNAME "iceplayer"
| #define PACKAGE_VERSION "4.0.5-20110520"
| #define PACKAGE_STRING "iceplayer 4.0.5-20110520"
| #define PACKAGE_BUGREPORT "jasy.ice@163.com"
| #define PACKAGE_URL ""
| #define PACKAGE "iceplayer"
| #define VERSION "4.0.5-20110520"
| #define STDC_HEADERS 1
| #define HAVE_SYS_TYPES_H 1
| #define HAVE_SYS_STAT_H 1
| #define HAVE_STDLIB_H 1
| #define HAVE_STRING_H 1
| #define HAVE_MEMORY_H 1
| #define HAVE_STRINGS_H 1
| #define HAVE_INTTYPES_H 1
| #define HAVE_STDINT_H 1
| #define HAVE_UNISTD_H 1
| /* end confdefs.h.  */
| #include <stdio.h>
| #ifdef HAVE_SYS_TYPES_H
| # include <sys/types.h>
| #endif
| #ifdef HAVE_SYS_STAT_H
| # include <sys/stat.h>
| #endif
| #ifdef STDC_HEADERS
| # include <stdlib.h>
| # include <stddef.h>
| #else
| # ifdef HAVE_STDLIB_H
| #  include <stdlib.h>
| # endif
| #endif
| #ifdef HAVE_STRING_H
| # if !defined STDC_HEADERS && defined HAVE_MEMORY_H
| #  include <memory.h>
| # endif
| # include <string.h>
| #endif
| #ifdef HAVE_STRINGS_H
| # include <strings.h>
| #endif
| #ifdef HAVE_INTTYPES_H
| # include <inttypes.h>
| #endif
| #ifdef HAVE_STDINT_H
| # include <stdint.h>
| #endif
| #ifdef HAVE_UNISTD_H
| # include <unistd.h>
| #endif
| #include <core.h>
configure:4338: result: no
configure:4338: checking core.h presence
configure:4338: gcc -E  conftest.c
conftest.c:21:18: fatal error: core.h: No such file or directory
 #include <core.h>
                  ^
compilation terminated.
configure:4338: $? = 1
configure: failed program was:
| /* confdefs.h */
| #define PACKAGE_NAME "iceplayer"
| #define PACKAGE_TARNAME "iceplayer"
| #define PACKAGE_VERSION "4.0.5-20110520"
| #define PACKAGE_STRING "iceplayer 4.0.5-20110520"
| #define PACKAGE_BUGREPORT "jasy.ice@163.com"
| #define PACKAGE_URL ""
| #define PACKAGE "iceplayer"
| #define VERSION "4.0.5-20110520"
| #define STDC_HEADERS 1
| #define HAVE_SYS_TYPES_H 1
| #define HAVE_SYS_STAT_H 1
| #define HAVE_STDLIB_H 1
| #define HAVE_STRING_H 1
| #define HAVE_MEMORY_H 1
| #define HAVE_STRINGS_H 1
| #define HAVE_INTTYPES_H 1
| #define HAVE_STDINT_H 1
| #define HAVE_UNISTD_H 1
| /* end confdefs.h.  */
| #include <core.h>
configure:4338: result: no
configure:4338: checking for core.h
configure:4338: result: no
configure:4338: checking keybinding.h usability
configure:4338: gcc -c -g -O2  conftest.c >&5
conftest.c:54:24: fatal error: keybinding.h: No such file or directory
 #include <keybinding.h>
                        ^
compilation terminated.
configure:4338: $? = 1
configure: failed program was:
| /* confdefs.h */
| #define PACKAGE_NAME "iceplayer"
| #define PACKAGE_TARNAME "iceplayer"
| #define PACKAGE_VERSION "4.0.5-20110520"
| #define PACKAGE_STRING "iceplayer 4.0.5-20110520"
| #define PACKAGE_BUGREPORT "jasy.ice@163.com"
| #define PACKAGE_URL ""
| #define PACKAGE "iceplayer"
| #define VERSION "4.0.5-20110520"
| #define STDC_HEADERS 1
| #define HAVE_SYS_TYPES_H 1
| #define HAVE_SYS_STAT_H 1
| #define HAVE_STDLIB_H 1
| #define HAVE_STRING_H 1
| #define HAVE_MEMORY_H 1
| #define HAVE_STRINGS_H 1
| #define HAVE_INTTYPES_H 1
| #define HAVE_STDINT_H 1
| #define HAVE_UNISTD_H 1
| /* end confdefs.h.  */
| #include <stdio.h>
| #ifdef HAVE_SYS_TYPES_H
| # include <sys/types.h>
| #endif
| #ifdef HAVE_SYS_STAT_H
| # include <sys/stat.h>
| #endif
| #ifdef STDC_HEADERS
| # include <stdlib.h>
| # include <stddef.h>
| #else
| # ifdef HAVE_STDLIB_H
| #  include <stdlib.h>
| # endif
| #endif
| #ifdef HAVE_STRING_H
| # if !defined STDC_HEADERS && defined HAVE_MEMORY_H
| #  include <memory.h>
| # endif
| # include <string.h>
| #endif
| #ifdef HAVE_STRINGS_H
| # include <strings.h>
| #endif
| #ifdef HAVE_INTTYPES_H
| # include <inttypes.h>
| #endif
| #ifdef HAVE_STDINT_H
| # include <stdint.h>
| #endif
| #ifdef HAVE_UNISTD_H
| # include <unistd.h>
| #endif
| #include <keybinding.h>
configure:4338: result: no
configure:4338: checking keybinding.h presence
configure:4338: gcc -E  conftest.c
conftest.c:21:24: fatal error: keybinding.h: No such file or directory
 #include <keybinding.h>
                        ^
compilation terminated.
configure:4338: $? = 1
configure: failed program was:
| /* confdefs.h */
| #define PACKAGE_NAME "iceplayer"
| #define PACKAGE_TARNAME "iceplayer"
| #define PACKAGE_VERSION "4.0.5-20110520"
| #define PACKAGE_STRING "iceplayer 4.0.5-20110520"
| #define PACKAGE_BUGREPORT "jasy.ice@163.com"
| #define PACKAGE_URL ""
| #define PACKAGE "iceplayer"
| #define VERSION "4.0.5-20110520"
| #define STDC_HEADERS 1
| #define HAVE_SYS_TYPES_H 1
| #define HAVE_SYS_STAT_H 1
| #define HAVE_STDLIB_H 1
| #define HAVE_STRING_H 1
| #define HAVE_MEMORY_H 1
| #define HAVE_STRINGS_H 1
| #define HAVE_INTTYPES_H 1
| #define HAVE_STDINT_H 1
| #define HAVE_UNISTD_H 1
| /* end confdefs.h.  */
| #include <keybinding.h>
configure:4338: result: no
configure:4338: checking for keybinding.h
configure:4338: result: no
configure:4338: checking update.h usability
configure:4338: gcc -c -g -O2  conftest.c >&5
conftest.c:54:20: fatal error: update.h: No such file or directory
 #include <update.h>
                    ^
compilation terminated.
configure:4338: $? = 1
configure: failed program was:
| /* confdefs.h */
| #define PACKAGE_NAME "iceplayer"
| #define PACKAGE_TARNAME "iceplayer"
| #define PACKAGE_VERSION "4.0.5-20110520"
| #define PACKAGE_STRING "iceplayer 4.0.5-20110520"
| #define PACKAGE_BUGREPORT "jasy.ice@163.com"
| #define PACKAGE_URL ""
| #define PACKAGE "iceplayer"
| #define VERSION "4.0.5-20110520"
| #define STDC_HEADERS 1
| #define HAVE_SYS_TYPES_H 1
| #define HAVE_SYS_STAT_H 1
| #define HAVE_STDLIB_H 1
| #define HAVE_STRING_H 1
| #define HAVE_MEMORY_H 1
| #define HAVE_STRINGS_H 1
| #define HAVE_INTTYPES_H 1
| #define HAVE_STDINT_H 1
| #define HAVE_UNISTD_H 1
| /* end confdefs.h.  */
| #include <stdio.h>
| #ifdef HAVE_SYS_TYPES_H
| # include <sys/types.h>
| #endif
| #ifdef HAVE_SYS_STAT_H
| # include <sys/stat.h>
| #endif
| #ifdef STDC_HEADERS
| # include <stdlib.h>
| # include <stddef.h>
| #else
| # ifdef HAVE_STDLIB_H
| #  include <stdlib.h>
| # endif
| #endif
| #ifdef HAVE_STRING_H
| # if !defined STDC_HEADERS && defined HAVE_MEMORY_H
| #  include <memory.h>
| # endif
| # include <string.h>
| #endif
| #ifdef HAVE_STRINGS_H
| # include <strings.h>
| #endif
| #ifdef HAVE_INTTYPES_H
| # include <inttypes.h>
| #endif
| #ifdef HAVE_STDINT_H
| # include <stdint.h>
| #endif
| #ifdef HAVE_UNISTD_H
| # include <unistd.h>
| #endif
| #include <update.h>
configure:4338: result: no
configure:4338: checking update.h presence
configure:4338: gcc -E  conftest.c
conftest.c:21:20: fatal error: update.h: No such file or directory
 #include <update.h>
                    ^
compilation terminated.
configure:4338: $? = 1
configure: failed program was:
| /* confdefs.h */
| #define PACKAGE_NAME "iceplayer"
| #define PACKAGE_TARNAME "iceplayer"
| #define PACKAGE_VERSION "4.0.5-20110520"
| #define PACKAGE_STRING "iceplayer 4.0.5-20110520"
| #define PACKAGE_BUGREPORT "jasy.ice@163.com"
| #define PACKAGE_URL ""
| #define PACKAGE "iceplayer"
| #define VERSION "4.0.5-20110520"
| #define STDC_HEADERS 1
| #define HAVE_SYS_TYPES_H 1
| #define HAVE_SYS_STAT_H 1
| #define HAVE_STDLIB_H 1
| #define HAVE_STRING_H 1
| #define HAVE_MEMORY_H 1
| #define HAVE_STRINGS_H 1
| #define HAVE_INTTYPES_H 1
| #define HAVE_STDINT_H 1
| #define HAVE_UNISTD_H 1
| /* end confdefs.h.  */
| #include <update.h>
configure:4338: result: no
configure:4338: checking for update.h
configure:4338: result: no
configure:4338: checking about.h usability
configure:4338: gcc -c -g -O2  conftest.c >&5
conftest.c:54:19: fatal error: about.h: No such file or directory
 #include <about.h>
                   ^
compilation terminated.
configure:4338: $? = 1
configure: failed program was:
| /* confdefs.h */
| #define PACKAGE_NAME "iceplayer"
| #define PACKAGE_TARNAME "iceplayer"
| #define PACKAGE_VERSION "4.0.5-20110520"
| #define PACKAGE_STRING "iceplayer 4.0.5-20110520"
| #define PACKAGE_BUGREPORT "jasy.ice@163.com"
| #define PACKAGE_URL ""
| #define PACKAGE "iceplayer"
| #define VERSION "4.0.5-20110520"
| #define STDC_HEADERS 1
| #define HAVE_SYS_TYPES_H 1
| #define HAVE_SYS_STAT_H 1
| #define HAVE_STDLIB_H 1
| #define HAVE_STRING_H 1
| #define HAVE_MEMORY_H 1
| #define HAVE_STRINGS_H 1
| #define HAVE_INTTYPES_H 1
| #define HAVE_STDINT_H 1
| #define HAVE_UNISTD_H 1
| /* end confdefs.h.  */
| #include <stdio.h>
| #ifdef HAVE_SYS_TYPES_H
| # include <sys/types.h>
| #endif
| #ifdef HAVE_SYS_STAT_H
| # include <sys/stat.h>
| #endif
| #ifdef STDC_HEADERS
| # include <stdlib.h>
| # include <stddef.h>
| #else
| # ifdef HAVE_STDLIB_H
| #  include <stdlib.h>
| # endif
| #endif
| #ifdef HAVE_STRING_H
| # if !defined STDC_HEADERS && defined HAVE_MEMORY_H
| #  include <memory.h>
| # endif
| # include <string.h>
| #endif
| #ifdef HAVE_STRINGS_H
| # include <strings.h>
| #endif
| #ifdef HAVE_INTTYPES_H
| # include <inttypes.h>
| #endif
| #ifdef HAVE_STDINT_H
| # include <stdint.h>
| #endif
| #ifdef HAVE_UNISTD_H
| # include <unistd.h>
| #endif
| #include <about.h>
configure:4338: result: no
configure:4338: checking about.h presence
configure:4338: gcc -E  conftest.c
conftest.c:21:19: fatal error: about.h: No such file or directory
 #include <about.h>
                   ^
compilation terminated.
configure:4338: $? = 1
configure: failed program was:
| /* confdefs.h */
| #define PACKAGE_NAME "iceplayer"
| #define PACKAGE_TARNAME "iceplayer"
| #define PACKAGE_VERSION "4.0.5-20110520"
| #define PACKAGE_STRING "iceplayer 4.0.5-20110520"
| #define PACKAGE_BUGREPORT "jasy.ice@163.com"
| #define PACKAGE_URL ""
| #define PACKAGE "iceplayer"
| #define VERSION "4.0.5-20110520"
| #define STDC_HEADERS 1
| #define HAVE_SYS_TYPES_H 1
| #define HAVE_SYS_STAT_H 1
| #define HAVE_STDLIB_H 1
| #define HAVE_STRING_H 1
| #define HAVE_MEMORY_H 1
| #define HAVE_STRINGS_H 1
| #define HAVE_INTTYPES_H 1
| #define HAVE_STDINT_H 1
| #define HAVE_UNISTD_H 1
| /* end confdefs.h.  */
| #include <about.h>
configure:4338: result: no
configure:4338: checking for about.h
configure:4338: result: no
configure:4338: checking help.h usability
configure:4338: gcc -c -g -O2  conftest.c >&5
conftest.c:54:18: fatal error: help.h: No such file or directory
 #include <help.h>
                  ^
compilation terminated.
configure:4338: $? = 1
configure: failed program was:
| /* confdefs.h */
| #define PACKAGE_NAME "iceplayer"
| #define PACKAGE_TARNAME "iceplayer"
| #define PACKAGE_VERSION "4.0.5-20110520"
| #define PACKAGE_STRING "iceplayer 4.0.5-20110520"
| #define PACKAGE_BUGREPORT "jasy.ice@163.com"
| #define PACKAGE_URL ""
| #define PACKAGE "iceplayer"
| #define VERSION "4.0.5-20110520"
| #define STDC_HEADERS 1
| #define HAVE_SYS_TYPES_H 1
| #define HAVE_SYS_STAT_H 1
| #define HAVE_STDLIB_H 1
| #define HAVE_STRING_H 1
| #define HAVE_MEMORY_H 1
| #define HAVE_STRINGS_H 1
| #define HAVE_INTTYPES_H 1
| #define HAVE_STDINT_H 1
| #define HAVE_UNISTD_H 1
| /* end confdefs.h.  */
| #include <stdio.h>
| #ifdef HAVE_SYS_TYPES_H
| # include <sys/types.h>
| #endif
| #ifdef HAVE_SYS_STAT_H
| # include <sys/stat.h>
| #endif
| #ifdef STDC_HEADERS
| # include <stdlib.h>
| # include <stddef.h>
| #else
| # ifdef HAVE_STDLIB_H
| #  include <stdlib.h>
| # endif
| #endif
| #ifdef HAVE_STRING_H
| # if !defined STDC_HEADERS && defined HAVE_MEMORY_H
| #  include <memory.h>
| # endif
| # include <string.h>
| #endif
| #ifdef HAVE_STRINGS_H
| # include <strings.h>
| #endif
| #ifdef HAVE_INTTYPES_H
| # include <inttypes.h>
| #endif
| #ifdef HAVE_STDINT_H
| # include <stdint.h>
| #endif
| #ifdef HAVE_UNISTD_H
| # include <unistd.h>
| #endif
| #include <help.h>
configure:4338: result: no
configure:4338: checking help.h presence
configure:4338: gcc -E  conftest.c
conftest.c:21:18: fatal error: help.h: No such file or directory
 #include <help.h>
                  ^
compilation terminated.
configure:4338: $? = 1
configure: failed program was:
| /* confdefs.h */
| #define PACKAGE_NAME "iceplayer"
| #define PACKAGE_TARNAME "iceplayer"
| #define PACKAGE_VERSION "4.0.5-20110520"
| #define PACKAGE_STRING "iceplayer 4.0.5-20110520"
| #define PACKAGE_BUGREPORT "jasy.ice@163.com"
| #define PACKAGE_URL ""
| #define PACKAGE "iceplayer"
| #define VERSION "4.0.5-20110520"
| #define STDC_HEADERS 1
| #define HAVE_SYS_TYPES_H 1
| #define HAVE_SYS_STAT_H 1
| #define HAVE_STDLIB_H 1
| #define HAVE_STRING_H 1
| #define HAVE_MEMORY_H 1
| #define HAVE_STRINGS_H 1
| #define HAVE_INTTYPES_H 1
| #define HAVE_STDINT_H 1
| #define HAVE_UNISTD_H 1
| /* end confdefs.h.  */
| #include <help.h>
configure:4338: result: no
configure:4338: checking for help.h
configure:4338: result: no
configure:4338: checking mini.h usability
configure:4338: gcc -c -g -O2  conftest.c >&5
conftest.c:54:18: fatal error: mini.h: No such file or directory
 #include <mini.h>
                  ^
compilation terminated.
configure:4338: $? = 1
configure: failed program was:
| /* confdefs.h */
| #define PACKAGE_NAME "iceplayer"
| #define PACKAGE_TARNAME "iceplayer"
| #define PACKAGE_VERSION "4.0.5-20110520"
| #define PACKAGE_STRING "iceplayer 4.0.5-20110520"
| #define PACKAGE_BUGREPORT "jasy.ice@163.com"
| #define PACKAGE_URL ""
| #define PACKAGE "iceplayer"
| #define VERSION "4.0.5-20110520"
| #define STDC_HEADERS 1
| #define HAVE_SYS_TYPES_H 1
| #define HAVE_SYS_STAT_H 1
| #define HAVE_STDLIB_H 1
| #define HAVE_STRING_H 1
| #define HAVE_MEMORY_H 1
| #define HAVE_STRINGS_H 1
| #define HAVE_INTTYPES_H 1
| #define HAVE_STDINT_H 1
| #define HAVE_UNISTD_H 1
| /* end confdefs.h.  */
| #include <stdio.h>
| #ifdef HAVE_SYS_TYPES_H
| # include <sys/types.h>
| #endif
| #ifdef HAVE_SYS_STAT_H
| # include <sys/stat.h>
| #endif
| #ifdef STDC_HEADERS
| # include <stdlib.h>
| # include <stddef.h>
| #else
| # ifdef HAVE_STDLIB_H
| #  include <stdlib.h>
| # endif
| #endif
| #ifdef HAVE_STRING_H
| # if !defined STDC_HEADERS && defined HAVE_MEMORY_H
| #  include <memory.h>
| # endif
| # include <string.h>
| #endif
| #ifdef HAVE_STRINGS_H
| # include <strings.h>
| #endif
| #ifdef HAVE_INTTYPES_H
| # include <inttypes.h>
| #endif
| #ifdef HAVE_STDINT_H
| # include <stdint.h>
| #endif
| #ifdef HAVE_UNISTD_H
| # include <unistd.h>
| #endif
| #include <mini.h>
configure:4338: result: no
configure:4338: checking mini.h presence
configure:4338: gcc -E  conftest.c
conftest.c:21:18: fatal error: mini.h: No such file or directory
 #include <mini.h>
                  ^
compilation terminated.
configure:4338: $? = 1
configure: failed program was:
| /* confdefs.h */
| #define PACKAGE_NAME "iceplayer"
| #define PACKAGE_TARNAME "iceplayer"
| #define PACKAGE_VERSION "4.0.5-20110520"
| #define PACKAGE_STRING "iceplayer 4.0.5-20110520"
| #define PACKAGE_BUGREPORT "jasy.ice@163.com"
| #define PACKAGE_URL ""
| #define PACKAGE "iceplayer"
| #define VERSION "4.0.5-20110520"
| #define STDC_HEADERS 1
| #define HAVE_SYS_TYPES_H 1
| #define HAVE_SYS_STAT_H 1
| #define HAVE_STDLIB_H 1
| #define HAVE_STRING_H 1
| #define HAVE_MEMORY_H 1
| #define HAVE_STRINGS_H 1
| #define HAVE_INTTYPES_H 1
| #define HAVE_STDINT_H 1
| #define HAVE_UNISTD_H 1
| /* end confdefs.h.  */
| #include <mini.h>
configure:4338: result: no
configure:4338: checking for mini.h
configure:4338: result: no
configure:4338: checking desktop_lrc.h usability
configure:4338: gcc -c -g -O2  conftest.c >&5
conftest.c:54:25: fatal error: desktop_lrc.h: No such file or directory
 #include <desktop_lrc.h>
                         ^
compilation terminated.
configure:4338: $? = 1
configure: failed program was:
| /* confdefs.h */
| #define PACKAGE_NAME "iceplayer"
| #define PACKAGE_TARNAME "iceplayer"
| #define PACKAGE_VERSION "4.0.5-20110520"
| #define PACKAGE_STRING "iceplayer 4.0.5-20110520"
| #define PACKAGE_BUGREPORT "jasy.ice@163.com"
| #define PACKAGE_URL ""
| #define PACKAGE "iceplayer"
| #define VERSION "4.0.5-20110520"
| #define STDC_HEADERS 1
| #define HAVE_SYS_TYPES_H 1
| #define HAVE_SYS_STAT_H 1
| #define HAVE_STDLIB_H 1
| #define HAVE_STRING_H 1
| #define HAVE_MEMORY_H 1
| #define HAVE_STRINGS_H 1
| #define HAVE_INTTYPES_H 1
| #define HAVE_STDINT_H 1
| #define HAVE_UNISTD_H 1
| /* end confdefs.h.  */
| #include <stdio.h>
| #ifdef HAVE_SYS_TYPES_H
| # include <sys/types.h>
| #endif
| #ifdef HAVE_SYS_STAT_H
| # include <sys/stat.h>
| #endif
| #ifdef STDC_HEADERS
| # include <stdlib.h>
| # include <stddef.h>
| #else
| # ifdef HAVE_STDLIB_H
| #  include <stdlib.h>
| # endif
| #endif
| #ifdef HAVE_STRING_H
| # if !defined STDC_HEADERS && defined HAVE_MEMORY_H
| #  include <memory.h>
| # endif
| # include <string.h>
| #endif
| #ifdef HAVE_STRINGS_H
| # include <strings.h>
| #endif
| #ifdef HAVE_INTTYPES_H
| # include <inttypes.h>
| #endif
| #ifdef HAVE_STDINT_H
| # include <stdint.h>
| #endif
| #ifdef HAVE_UNISTD_H
| # include <unistd.h>
| #endif
| #include <desktop_lrc.h>
configure:4338: result: no
configure:4338: checking desktop_lrc.h presence
configure:4338: gcc -E  conftest.c
conftest.c:21:25: fatal error: desktop_lrc.h: No such file or directory
 #include <desktop_lrc.h>
                         ^
compilation terminated.
configure:4338: $? = 1
configure: failed program was:
| /* confdefs.h */
| #define PACKAGE_NAME "iceplayer"
| #define PACKAGE_TARNAME "iceplayer"
| #define PACKAGE_VERSION "4.0.5-20110520"
| #define PACKAGE_STRING "iceplayer 4.0.5-20110520"
| #define PACKAGE_BUGREPORT "jasy.ice@163.com"
| #define PACKAGE_URL ""
| #define PACKAGE "iceplayer"
| #define VERSION "4.0.5-20110520"
| #define STDC_HEADERS 1
| #define HAVE_SYS_TYPES_H 1
| #define HAVE_SYS_STAT_H 1
| #define HAVE_STDLIB_H 1
| #define HAVE_STRING_H 1
| #define HAVE_MEMORY_H 1
| #define HAVE_STRINGS_H 1
| #define HAVE_INTTYPES_H 1
| #define HAVE_STDINT_H 1
| #define HAVE_UNISTD_H 1
| /* end confdefs.h.  */
| #include <desktop_lrc.h>
configure:4338: result: no
configure:4338: checking for desktop_lrc.h
configure:4338: result: no
configure:4338: checking list.h usability
configure:4338: gcc -c -g -O2  conftest.c >&5
conftest.c:54:18: fatal error: list.h: No such file or directory
 #include <list.h>
                  ^
compilation terminated.
configure:4338: $? = 1
configure: failed program was:
| /* confdefs.h */
| #define PACKAGE_NAME "iceplayer"
| #define PACKAGE_TARNAME "iceplayer"
| #define PACKAGE_VERSION "4.0.5-20110520"
| #define PACKAGE_STRING "iceplayer 4.0.5-20110520"
| #define PACKAGE_BUGREPORT "jasy.ice@163.com"
| #define PACKAGE_URL ""
| #define PACKAGE "iceplayer"
| #define VERSION "4.0.5-20110520"
| #define STDC_HEADERS 1
| #define HAVE_SYS_TYPES_H 1
| #define HAVE_SYS_STAT_H 1
| #define HAVE_STDLIB_H 1
| #define HAVE_STRING_H 1
| #define HAVE_MEMORY_H 1
| #define HAVE_STRINGS_H 1
| #define HAVE_INTTYPES_H 1
| #define HAVE_STDINT_H 1
| #define HAVE_UNISTD_H 1
| /* end confdefs.h.  */
| #include <stdio.h>
| #ifdef HAVE_SYS_TYPES_H
| # include <sys/types.h>
| #endif
| #ifdef HAVE_SYS_STAT_H
| # include <sys/stat.h>
| #endif
| #ifdef STDC_HEADERS
| # include <stdlib.h>
| # include <stddef.h>
| #else
| # ifdef HAVE_STDLIB_H
| #  include <stdlib.h>
| # endif
| #endif
| #ifdef HAVE_STRING_H
| # if !defined STDC_HEADERS && defined HAVE_MEMORY_H
| #  include <memory.h>
| # endif
| # include <string.h>
| #endif
| #ifdef HAVE_STRINGS_H
| # include <strings.h>
| #endif
| #ifdef HAVE_INTTYPES_H
| # include <inttypes.h>
| #endif
| #ifdef HAVE_STDINT_H
| # include <stdint.h>
| #endif
| #ifdef HAVE_UNISTD_H
| # include <unistd.h>
| #endif
| #include <list.h>
configure:4338: result: no
configure:4338: checking list.h presence
configure:4338: gcc -E  conftest.c
conftest.c:21:18: fatal error: list.h: No such file or directory
 #include <list.h>
                  ^
compilation terminated.
configure:4338: $? = 1
configure: failed program was:
| /* confdefs.h */
| #define PACKAGE_NAME "iceplayer"
| #define PACKAGE_TARNAME "iceplayer"
| #define PACKAGE_VERSION "4.0.5-20110520"
| #define PACKAGE_STRING "iceplayer 4.0.5-20110520"
| #define PACKAGE_BUGREPORT "jasy.ice@163.com"
| #define PACKAGE_URL ""
| #define PACKAGE "iceplayer"
| #define VERSION "4.0.5-20110520"
| #define STDC_HEADERS 1
| #define HAVE_SYS_TYPES_H 1
| #define HAVE_SYS_STAT_H 1
| #define HAVE_STDLIB_H 1
| #define HAVE_STRING_H 1
| #define HAVE_MEMORY_H 1
| #define HAVE_STRINGS_H 1
| #define HAVE_INTTYPES_H 1
| #define HAVE_STDINT_H 1
| #define HAVE_UNISTD_H 1
| /* end confdefs.h.  */
| #include <list.h>
configure:4338: result: no
configure:4338: checking for list.h
configure:4338: result: no
configure:4338: checking widget_lrc.h usability
configure:4338: gcc -c -g -O2  conftest.c >&5
conftest.c:54:24: fatal error: widget_lrc.h: No such file or directory
 #include <widget_lrc.h>
                        ^
compilation terminated.
configure:4338: $? = 1
configure: failed program was:
| /* confdefs.h */
| #define PACKAGE_NAME "iceplayer"
| #define PACKAGE_TARNAME "iceplayer"
| #define PACKAGE_VERSION "4.0.5-20110520"
| #define PACKAGE_STRING "iceplayer 4.0.5-20110520"
| #define PACKAGE_BUGREPORT "jasy.ice@163.com"
| #define PACKAGE_URL ""
| #define PACKAGE "iceplayer"
| #define VERSION "4.0.5-20110520"
| #define STDC_HEADERS 1
| #define HAVE_SYS_TYPES_H 1
| #define HAVE_SYS_STAT_H 1
| #define HAVE_STDLIB_H 1
| #define HAVE_STRING_H 1
| #define HAVE_MEMORY_H 1
| #define HAVE_STRINGS_H 1
| #define HAVE_INTTYPES_H 1
| #define HAVE_STDINT_H 1
| #define HAVE_UNISTD_H 1
| /* end confdefs.h.  */
| #include <stdio.h>
| #ifdef HAVE_SYS_TYPES_H
| # include <sys/types.h>
| #endif
| #ifdef HAVE_SYS_STAT_H
| # include <sys/stat.h>
| #endif
| #ifdef STDC_HEADERS
| # include <stdlib.h>
| # include <stddef.h>
| #else
| # ifdef HAVE_STDLIB_H
| #  include <stdlib.h>
| # endif
| #endif
| #ifdef HAVE_STRING_H
| # if !defined STDC_HEADERS && defined HAVE_MEMORY_H
| #  include <memory.h>
| # endif
| # include <string.h>
| #endif
| #ifdef HAVE_STRINGS_H
| # include <strings.h>
| #endif
| #ifdef HAVE_INTTYPES_H
| # include <inttypes.h>
| #endif
| #ifdef HAVE_STDINT_H
| # include <stdint.h>
| #endif
| #ifdef HAVE_UNISTD_H
| # include <unistd.h>
| #endif
| #include <widget_lrc.h>
configure:4338: result: no
configure:4338: checking widget_lrc.h presence
configure:4338: gcc -E  conftest.c
conftest.c:21:24: fatal error: widget_lrc.h: No such file or directory
 #include <widget_lrc.h>
                        ^
compilation terminated.
configure:4338: $? = 1
configure: failed program was:
| /* confdefs.h */
| #define PACKAGE_NAME "iceplayer"
| #define PACKAGE_TARNAME "iceplayer"
| #define PACKAGE_VERSION "4.0.5-20110520"
| #define PACKAGE_STRING "iceplayer 4.0.5-20110520"
| #define PACKAGE_BUGREPORT "jasy.ice@163.com"
| #define PACKAGE_URL ""
| #define PACKAGE "iceplayer"
| #define VERSION "4.0.5-20110520"
| #define STDC_HEADERS 1
| #define HAVE_SYS_TYPES_H 1
| #define HAVE_SYS_STAT_H 1
| #define HAVE_STDLIB_H 1
| #define HAVE_STRING_H 1
| #define HAVE_MEMORY_H 1
| #define HAVE_STRINGS_H 1
| #define HAVE_INTTYPES_H 1
| #define HAVE_STDINT_H 1
| #define HAVE_UNISTD_H 1
| /* end confdefs.h.  */
| #include <widget_lrc.h>
configure:4338: result: no
configure:4338: checking for widget_lrc.h
configure:4338: result: no
configure:4338: checking common.h usability
configure:4338: gcc -c -g -O2  conftest.c >&5
conftest.c:54:20: fatal error: common.h: No such file or directory
 #include <common.h>
                    ^
compilation terminated.
configure:4338: $? = 1
configure: failed program was:
| /* confdefs.h */
| #define PACKAGE_NAME "iceplayer"
| #define PACKAGE_TARNAME "iceplayer"
| #define PACKAGE_VERSION "4.0.5-20110520"
| #define PACKAGE_STRING "iceplayer 4.0.5-20110520"
| #define PACKAGE_BUGREPORT "jasy.ice@163.com"
| #define PACKAGE_URL ""
| #define PACKAGE "iceplayer"
| #define VERSION "4.0.5-20110520"
| #define STDC_HEADERS 1
| #define HAVE_SYS_TYPES_H 1
| #define HAVE_SYS_STAT_H 1
| #define HAVE_STDLIB_H 1
| #define HAVE_STRING_H 1
| #define HAVE_MEMORY_H 1
| #define HAVE_STRINGS_H 1
| #define HAVE_INTTYPES_H 1
| #define HAVE_STDINT_H 1
| #define HAVE_UNISTD_H 1
| /* end confdefs.h.  */
| #include <stdio.h>
| #ifdef HAVE_SYS_TYPES_H
| # include <sys/types.h>
| #endif
| #ifdef HAVE_SYS_STAT_H
| # include <sys/stat.h>
| #endif
| #ifdef STDC_HEADERS
| # include <stdlib.h>
| # include <stddef.h>
| #else
| # ifdef HAVE_STDLIB_H
| #  include <stdlib.h>
| # endif
| #endif
| #ifdef HAVE_STRING_H
| # if !defined STDC_HEADERS && defined HAVE_MEMORY_H
| #  include <memory.h>
| # endif
| # include <string.h>
| #endif
| #ifdef HAVE_STRINGS_H
| # include <strings.h>
| #endif
| #ifdef HAVE_INTTYPES_H
| # include <inttypes.h>
| #endif
| #ifdef HAVE_STDINT_H
| # include <stdint.h>
| #endif
| #ifdef HAVE_UNISTD_H
| # include <unistd.h>
| #endif
| #include <common.h>
configure:4338: result: no
configure:4338: checking common.h presence
configure:4338: gcc -E  conftest.c
conftest.c:21:20: fatal error: common.h: No such file or directory
 #include <common.h>
                    ^
compilation terminated.
configure:4338: $? = 1
configure: failed program was:
| /* confdefs.h */
| #define PACKAGE_NAME "iceplayer"
| #define PACKAGE_TARNAME "iceplayer"
| #define PACKAGE_VERSION "4.0.5-20110520"
| #define PACKAGE_STRING "iceplayer 4.0.5-20110520"
| #define PACKAGE_BUGREPORT "jasy.ice@163.com"
| #define PACKAGE_URL ""
| #define PACKAGE "iceplayer"
| #define VERSION "4.0.5-20110520"
| #define STDC_HEADERS 1
| #define HAVE_SYS_TYPES_H 1
| #define HAVE_SYS_STAT_H 1
| #define HAVE_STDLIB_H 1
| #define HAVE_STRING_H 1
| #define HAVE_MEMORY_H 1
| #define HAVE_STRINGS_H 1
| #define HAVE_INTTYPES_H 1
| #define HAVE_STDINT_H 1
| #define HAVE_UNISTD_H 1
| /* end confdefs.h.  */
| #include <common.h>
configure:4338: result: no
configure:4338: checking for common.h
configure:4338: result: no
configure:4338: checking id3.h usability
configure:4338: gcc -c -g -O2  conftest.c >&5
conftest.c:54:17: fatal error: id3.h: No such file or directory
 #include <id3.h>
                 ^
compilation terminated.
configure:4338: $? = 1
configure: failed program was:
| /* confdefs.h */
| #define PACKAGE_NAME "iceplayer"
| #define PACKAGE_TARNAME "iceplayer"
| #define PACKAGE_VERSION "4.0.5-20110520"
| #define PACKAGE_STRING "iceplayer 4.0.5-20110520"
| #define PACKAGE_BUGREPORT "jasy.ice@163.com"
| #define PACKAGE_URL ""
| #define PACKAGE "iceplayer"
| #define VERSION "4.0.5-20110520"
| #define STDC_HEADERS 1
| #define HAVE_SYS_TYPES_H 1
| #define HAVE_SYS_STAT_H 1
| #define HAVE_STDLIB_H 1
| #define HAVE_STRING_H 1
| #define HAVE_MEMORY_H 1
| #define HAVE_STRINGS_H 1
| #define HAVE_INTTYPES_H 1
| #define HAVE_STDINT_H 1
| #define HAVE_UNISTD_H 1
| /* end confdefs.h.  */
| #include <stdio.h>
| #ifdef HAVE_SYS_TYPES_H
| # include <sys/types.h>
| #endif
| #ifdef HAVE_SYS_STAT_H
| # include <sys/stat.h>
| #endif
| #ifdef STDC_HEADERS
| # include <stdlib.h>
| # include <stddef.h>
| #else
| # ifdef HAVE_STDLIB_H
| #  include <stdlib.h>
| # endif
| #endif
| #ifdef HAVE_STRING_H
| # if !defined STDC_HEADERS && defined HAVE_MEMORY_H
| #  include <memory.h>
| # endif
| # include <string.h>
| #endif
| #ifdef HAVE_STRINGS_H
| # include <strings.h>
| #endif
| #ifdef HAVE_INTTYPES_H
| # include <inttypes.h>
| #endif
| #ifdef HAVE_STDINT_H
| # include <stdint.h>
| #endif
| #ifdef HAVE_UNISTD_H
| # include <unistd.h>
| #endif
| #include <id3.h>
configure:4338: result: no
configure:4338: checking id3.h presence
configure:4338: gcc -E  conftest.c
conftest.c:21:17: fatal error: id3.h: No such file or directory
 #include <id3.h>
                 ^
compilation terminated.
configure:4338: $? = 1
configure: failed program was:
| /* confdefs.h */
| #define PACKAGE_NAME "iceplayer"
| #define PACKAGE_TARNAME "iceplayer"
| #define PACKAGE_VERSION "4.0.5-20110520"
| #define PACKAGE_STRING "iceplayer 4.0.5-20110520"
| #define PACKAGE_BUGREPORT "jasy.ice@163.com"
| #define PACKAGE_URL ""
| #define PACKAGE "iceplayer"
| #define VERSION "4.0.5-20110520"
| #define STDC_HEADERS 1
| #define HAVE_SYS_TYPES_H 1
| #define HAVE_SYS_STAT_H 1
| #define HAVE_STDLIB_H 1
| #define HAVE_STRING_H 1
| #define HAVE_MEMORY_H 1
| #define HAVE_STRINGS_H 1
| #define HAVE_INTTYPES_H 1
| #define HAVE_STDINT_H 1
| #define HAVE_UNISTD_H 1
| /* end confdefs.h.  */
| #include <id3.h>
configure:4338: result: no
configure:4338: checking for id3.h
configure:4338: result: no
configure:4338: checking single.h usability
configure:4338: gcc -c -g -O2  conftest.c >&5
conftest.c:54:20: fatal error: single.h: No such file or directory
 #include <single.h>
                    ^
compilation terminated.
configure:4338: $? = 1
configure: failed program was:
| /* confdefs.h */
| #define PACKAGE_NAME "iceplayer"
| #define PACKAGE_TARNAME "iceplayer"
| #define PACKAGE_VERSION "4.0.5-20110520"
| #define PACKAGE_STRING "iceplayer 4.0.5-20110520"
| #define PACKAGE_BUGREPORT "jasy.ice@163.com"
| #define PACKAGE_URL ""
| #define PACKAGE "iceplayer"
| #define VERSION "4.0.5-20110520"
| #define STDC_HEADERS 1
| #define HAVE_SYS_TYPES_H 1
| #define HAVE_SYS_STAT_H 1
| #define HAVE_STDLIB_H 1
| #define HAVE_STRING_H 1
| #define HAVE_MEMORY_H 1
| #define HAVE_STRINGS_H 1
| #define HAVE_INTTYPES_H 1
| #define HAVE_STDINT_H 1
| #define HAVE_UNISTD_H 1
| /* end confdefs.h.  */
| #include <stdio.h>
| #ifdef HAVE_SYS_TYPES_H
| # include <sys/types.h>
| #endif
| #ifdef HAVE_SYS_STAT_H
| # include <sys/stat.h>
| #endif
| #ifdef STDC_HEADERS
| # include <stdlib.h>
| # include <stddef.h>
| #else
| # ifdef HAVE_STDLIB_H
| #  include <stdlib.h>
| # endif
| #endif
| #ifdef HAVE_STRING_H
| # if !defined STDC_HEADERS && defined HAVE_MEMORY_H
| #  include <memory.h>
| # endif
| # include <string.h>
| #endif
| #ifdef HAVE_STRINGS_H
| # include <strings.h>
| #endif
| #ifdef HAVE_INTTYPES_H
| # include <inttypes.h>
| #endif
| #ifdef HAVE_STDINT_H
| # include <stdint.h>
| #endif
| #ifdef HAVE_UNISTD_H
| # include <unistd.h>
| #endif
| #include <single.h>
configure:4338: result: no
configure:4338: checking single.h presence
configure:4338: gcc -E  conftest.c
conftest.c:21:20: fatal error: single.h: No such file or directory
 #include <single.h>
                    ^
compilation terminated.
configure:4338: $? = 1
configure: failed program was:
| /* confdefs.h */
| #define PACKAGE_NAME "iceplayer"
| #define PACKAGE_TARNAME "iceplayer"
| #define PACKAGE_VERSION "4.0.5-20110520"
| #define PACKAGE_STRING "iceplayer 4.0.5-20110520"
| #define PACKAGE_BUGREPORT "jasy.ice@163.com"
| #define PACKAGE_URL ""
| #define PACKAGE "iceplayer"
| #define VERSION "4.0.5-20110520"
| #define STDC_HEADERS 1
| #define HAVE_SYS_TYPES_H 1
| #define HAVE_SYS_STAT_H 1
| #define HAVE_STDLIB_H 1
| #define HAVE_STRING_H 1
| #define HAVE_MEMORY_H 1
| #define HAVE_STRINGS_H 1
| #define HAVE_INTTYPES_H 1
| #define HAVE_STDINT_H 1
| #define HAVE_UNISTD_H 1
| /* end confdefs.h.  */
| #include <single.h>
configure:4338: result: no
configure:4338: checking for single.h
configure:4338: result: no
configure:4338: checking download.h usability
configure:4338: gcc -c -g -O2  conftest.c >&5
conftest.c:54:22: fatal error: download.h: No such file or directory
 #include <download.h>
                      ^
compilation terminated.
configure:4338: $? = 1
configure: failed program was:
| /* confdefs.h */
| #define PACKAGE_NAME "iceplayer"
| #define PACKAGE_TARNAME "iceplayer"
| #define PACKAGE_VERSION "4.0.5-20110520"
| #define PACKAGE_STRING "iceplayer 4.0.5-20110520"
| #define PACKAGE_BUGREPORT "jasy.ice@163.com"
| #define PACKAGE_URL ""
| #define PACKAGE "iceplayer"
| #define VERSION "4.0.5-20110520"
| #define STDC_HEADERS 1
| #define HAVE_SYS_TYPES_H 1
| #define HAVE_SYS_STAT_H 1
| #define HAVE_STDLIB_H 1
| #define HAVE_STRING_H 1
| #define HAVE_MEMORY_H 1
| #define HAVE_STRINGS_H 1
| #define HAVE_INTTYPES_H 1
| #define HAVE_STDINT_H 1
| #define HAVE_UNISTD_H 1
| /* end confdefs.h.  */
| #include <stdio.h>
| #ifdef HAVE_SYS_TYPES_H
| # include <sys/types.h>
| #endif
| #ifdef HAVE_SYS_STAT_H
| # include <sys/stat.h>
| #endif
| #ifdef STDC_HEADERS
| # include <stdlib.h>
| # include <stddef.h>
| #else
| # ifdef HAVE_STDLIB_H
| #  include <stdlib.h>
| # endif
| #endif
| #ifdef HAVE_STRING_H
| # if !defined STDC_HEADERS && defined HAVE_MEMORY_H
| #  include <memory.h>
| # endif
| # include <string.h>
| #endif
| #ifdef HAVE_STRINGS_H
| # include <strings.h>
| #endif
| #ifdef HAVE_INTTYPES_H
| # include <inttypes.h>
| #endif
| #ifdef HAVE_STDINT_H
| # include <stdint.h>
| #endif
| #ifdef HAVE_UNISTD_H
| # include <unistd.h>
| #endif
| #include <download.h>
configure:4338: result: no
configure:4338: checking download.h presence
configure:4338: gcc -E  conftest.c
conftest.c:21:22: fatal error: download.h: No such file or directory
 #include <download.h>
                      ^
compilation terminated.
configure:4338: $? = 1
configure: failed program was:
| /* confdefs.h */
| #define PACKAGE_NAME "iceplayer"
| #define PACKAGE_TARNAME "iceplayer"
| #define PACKAGE_VERSION "4.0.5-20110520"
| #define PACKAGE_STRING "iceplayer 4.0.5-20110520"
| #define PACKAGE_BUGREPORT "jasy.ice@163.com"
| #define PACKAGE_URL ""
| #define PACKAGE "iceplayer"
| #define VERSION "4.0.5-20110520"
| #define STDC_HEADERS 1
| #define HAVE_SYS_TYPES_H 1
| #define HAVE_SYS_STAT_H 1
| #define HAVE_STDLIB_H 1
| #define HAVE_STRING_H 1
| #define HAVE_MEMORY_H 1
| #define HAVE_STRINGS_H 1
| #define HAVE_INTTYPES_H 1
| #define HAVE_STDINT_H 1
| #define HAVE_UNISTD_H 1
| /* end confdefs.h.  */
| #include <download.h>
configure:4338: result: no
configure:4338: checking for download.h
configure:4338: result: no
configure:4338: checking lrc.h usability
configure:4338: gcc -c -g -O2  conftest.c >&5
conftest.c:54:17: fatal error: lrc.h: No such file or directory
 #include <lrc.h>
                 ^
compilation terminated.
configure:4338: $? = 1
configure: failed program was:
| /* confdefs.h */
| #define PACKAGE_NAME "iceplayer"
| #define PACKAGE_TARNAME "iceplayer"
| #define PACKAGE_VERSION "4.0.5-20110520"
| #define PACKAGE_STRING "iceplayer 4.0.5-20110520"
| #define PACKAGE_BUGREPORT "jasy.ice@163.com"
| #define PACKAGE_URL ""
| #define PACKAGE "iceplayer"
| #define VERSION "4.0.5-20110520"
| #define STDC_HEADERS 1
| #define HAVE_SYS_TYPES_H 1
| #define HAVE_SYS_STAT_H 1
| #define HAVE_STDLIB_H 1
| #define HAVE_STRING_H 1
| #define HAVE_MEMORY_H 1
| #define HAVE_STRINGS_H 1
| #define HAVE_INTTYPES_H 1
| #define HAVE_STDINT_H 1
| #define HAVE_UNISTD_H 1
| /* end confdefs.h.  */
| #include <stdio.h>
| #ifdef HAVE_SYS_TYPES_H
| # include <sys/types.h>
| #endif
| #ifdef HAVE_SYS_STAT_H
| # include <sys/stat.h>
| #endif
| #ifdef STDC_HEADERS
| # include <stdlib.h>
| # include <stddef.h>
| #else
| # ifdef HAVE_STDLIB_H
| #  include <stdlib.h>
| # endif
| #endif
| #ifdef HAVE_STRING_H
| # if !defined STDC_HEADERS && defined HAVE_MEMORY_H
| #  include <memory.h>
| # endif
| # include <string.h>
| #endif
| #ifdef HAVE_STRINGS_H
| # include <strings.h>
| #endif
| #ifdef HAVE_INTTYPES_H
| # include <inttypes.h>
| #endif
| #ifdef HAVE_STDINT_H
| # include <stdint.h>
| #endif
| #ifdef HAVE_UNISTD_H
| # include <unistd.h>
| #endif
| #include <lrc.h>
configure:4338: result: no
configure:4338: checking lrc.h presence
configure:4338: gcc -E  conftest.c
conftest.c:21:17: fatal error: lrc.h: No such file or directory
 #include <lrc.h>
                 ^
compilation terminated.
configure:4338: $? = 1
configure: failed program was:
| /* confdefs.h */
| #define PACKAGE_NAME "iceplayer"
| #define PACKAGE_TARNAME "iceplayer"
| #define PACKAGE_VERSION "4.0.5-20110520"
| #define PACKAGE_STRING "iceplayer 4.0.5-20110520"
| #define PACKAGE_BUGREPORT "jasy.ice@163.com"
| #define PACKAGE_URL ""
| #define PACKAGE "iceplayer"
| #define VERSION "4.0.5-20110520"
| #define STDC_HEADERS 1
| #define HAVE_SYS_TYPES_H 1
| #define HAVE_SYS_STAT_H 1
| #define HAVE_STDLIB_H 1
| #define HAVE_STRING_H 1
| #define HAVE_MEMORY_H 1
| #define HAVE_STRINGS_H 1
| #define HAVE_INTTYPES_H 1
| #define HAVE_STDINT_H 1
| #define HAVE_UNISTD_H 1
| /* end confdefs.h.  */
| #include <lrc.h>
configure:4338: result: no
configure:4338: checking for lrc.h
configure:4338: result: no
configure:4338: checking configure.h usability
configure:4338: gcc -c -g -O2  conftest.c >&5
conftest.c:54:23: fatal error: configure.h: No such file or directory
 #include <configure.h>
                       ^
compilation terminated.
configure:4338: $? = 1
configure: failed program was:
| /* confdefs.h */
| #define PACKAGE_NAME "iceplayer"
| #define PACKAGE_TARNAME "iceplayer"
| #define PACKAGE_VERSION "4.0.5-20110520"
| #define PACKAGE_STRING "iceplayer 4.0.5-20110520"
| #define PACKAGE_BUGREPORT "jasy.ice@163.com"
| #define PACKAGE_URL ""
| #define PACKAGE "iceplayer"
| #define VERSION "4.0.5-20110520"
| #define STDC_HEADERS 1
| #define HAVE_SYS_TYPES_H 1
| #define HAVE_SYS_STAT_H 1
| #define HAVE_STDLIB_H 1
| #define HAVE_STRING_H 1
| #define HAVE_MEMORY_H 1
| #define HAVE_STRINGS_H 1
| #define HAVE_INTTYPES_H 1
| #define HAVE_STDINT_H 1
| #define HAVE_UNISTD_H 1
| /* end confdefs.h.  */
| #include <stdio.h>
| #ifdef HAVE_SYS_TYPES_H
| # include <sys/types.h>
| #endif
| #ifdef HAVE_SYS_STAT_H
| # include <sys/stat.h>
| #endif
| #ifdef STDC_HEADERS
| # include <stdlib.h>
| # include <stddef.h>
| #else
| # ifdef HAVE_STDLIB_H
| #  include <stdlib.h>
| # endif
| #endif
| #ifdef HAVE_STRING_H
| # if !defined STDC_HEADERS && defined HAVE_MEMORY_H
| #  include <memory.h>
| # endif
| # include <string.h>
| #endif
| #ifdef HAVE_STRINGS_H
| # include <strings.h>
| #endif
| #ifdef HAVE_INTTYPES_H
| # include <inttypes.h>
| #endif
| #ifdef HAVE_STDINT_H
| # include <stdint.h>
| #endif
| #ifdef HAVE_UNISTD_H
| # include <unistd.h>
| #endif
| #include <configure.h>
configure:4338: result: no
configure:4338: checking configure.h presence
configure:4338: gcc -E  conftest.c
conftest.c:21:23: fatal error: configure.h: No such file or directory
 #include <configure.h>
                       ^
compilation terminated.
configure:4338: $? = 1
configure: failed program was:
| /* confdefs.h */
| #define PACKAGE_NAME "iceplayer"
| #define PACKAGE_TARNAME "iceplayer"
| #define PACKAGE_VERSION "4.0.5-20110520"
| #define PACKAGE_STRING "iceplayer 4.0.5-20110520"
| #define PACKAGE_BUGREPORT "jasy.ice@163.com"
| #define PACKAGE_URL ""
| #define PACKAGE "iceplayer"
| #define VERSION "4.0.5-20110520"
| #define STDC_HEADERS 1
| #define HAVE_SYS_TYPES_H 1
| #define HAVE_SYS_STAT_H 1
| #define HAVE_STDLIB_H 1
| #define HAVE_STRING_H 1
| #define HAVE_MEMORY_H 1
| #define HAVE_STRINGS_H 1
| #define HAVE_INTTYPES_H 1
| #define HAVE_STDINT_H 1
| #define HAVE_UNISTD_H 1
| /* end confdefs.h.  */
| #include <configure.h>
configure:4338: result: no
configure:4338: checking for configure.h
configure:4338: result: no
configure:4338: checking instance.h usability
configure:4338: gcc -c -g -O2  conftest.c >&5
conftest.c:54:22: fatal error: instance.h: No such file or directory
 #include <instance.h>
                      ^
compilation terminated.
configure:4338: $? = 1
configure: failed program was:
| /* confdefs.h */
| #define PACKAGE_NAME "iceplayer"
| #define PACKAGE_TARNAME "iceplayer"
| #define PACKAGE_VERSION "4.0.5-20110520"
| #define PACKAGE_STRING "iceplayer 4.0.5-20110520"
| #define PACKAGE_BUGREPORT "jasy.ice@163.com"
| #define PACKAGE_URL ""
| #define PACKAGE "iceplayer"
| #define VERSION "4.0.5-20110520"
| #define STDC_HEADERS 1
| #define HAVE_SYS_TYPES_H 1
| #define HAVE_SYS_STAT_H 1
| #define HAVE_STDLIB_H 1
| #define HAVE_STRING_H 1
| #define HAVE_MEMORY_H 1
| #define HAVE_STRINGS_H 1
| #define HAVE_INTTYPES_H 1
| #define HAVE_STDINT_H 1
| #define HAVE_UNISTD_H 1
| /* end confdefs.h.  */
| #include <stdio.h>
| #ifdef HAVE_SYS_TYPES_H
| # include <sys/types.h>
| #endif
| #ifdef HAVE_SYS_STAT_H
| # include <sys/stat.h>
| #endif
| #ifdef STDC_HEADERS
| # include <stdlib.h>
| # include <stddef.h>
| #else
| # ifdef HAVE_STDLIB_H
| #  include <stdlib.h>
| # endif
| #endif
| #ifdef HAVE_STRING_H
| # if !defined STDC_HEADERS && defined HAVE_MEMORY_H
| #  include <memory.h>
| # endif
| # include <string.h>
| #endif
| #ifdef HAVE_STRINGS_H
| # include <strings.h>
| #endif
| #ifdef HAVE_INTTYPES_H
| # include <inttypes.h>
| #endif
| #ifdef HAVE_STDINT_H
| # include <stdint.h>
| #endif
| #ifdef HAVE_UNISTD_H
| # include <unistd.h>
| #endif
| #include <instance.h>
configure:4338: result: no
configure:4338: checking instance.h presence
configure:4338: gcc -E  conftest.c
conftest.c:21:22: fatal error: instance.h: No such file or directory
 #include <instance.h>
                      ^
compilation terminated.
configure:4338: $? = 1
configure: failed program was:
| /* confdefs.h */
| #define PACKAGE_NAME "iceplayer"
| #define PACKAGE_TARNAME "iceplayer"
| #define PACKAGE_VERSION "4.0.5-20110520"
| #define PACKAGE_STRING "iceplayer 4.0.5-20110520"
| #define PACKAGE_BUGREPORT "jasy.ice@163.com"
| #define PACKAGE_URL ""
| #define PACKAGE "iceplayer"
| #define VERSION "4.0.5-20110520"
| #define STDC_HEADERS 1
| #define HAVE_SYS_TYPES_H 1
| #define HAVE_SYS_STAT_H 1
| #define HAVE_STDLIB_H 1
| #define HAVE_STRING_H 1
| #define HAVE_MEMORY_H 1
| #define HAVE_STRINGS_H 1
| #define HAVE_INTTYPES_H 1
| #define HAVE_STDINT_H 1
| #define HAVE_UNISTD_H 1
| /* end confdefs.h.  */
| #include <instance.h>
configure:4338: result: no
configure:4338: checking for instance.h
configure:4338: result: no
configure:4338: checking ui.h usability
configure:4338: gcc -c -g -O2  conftest.c >&5
conftest.c:54:16: fatal error: ui.h: No such file or directory
 #include <ui.h>
                ^
compilation terminated.
configure:4338: $? = 1
configure: failed program was:
| /* confdefs.h */
| #define PACKAGE_NAME "iceplayer"
| #define PACKAGE_TARNAME "iceplayer"
| #define PACKAGE_VERSION "4.0.5-20110520"
| #define PACKAGE_STRING "iceplayer 4.0.5-20110520"
| #define PACKAGE_BUGREPORT "jasy.ice@163.com"
| #define PACKAGE_URL ""
| #define PACKAGE "iceplayer"
| #define VERSION "4.0.5-20110520"
| #define STDC_HEADERS 1
| #define HAVE_SYS_TYPES_H 1
| #define HAVE_SYS_STAT_H 1
| #define HAVE_STDLIB_H 1
| #define HAVE_STRING_H 1
| #define HAVE_MEMORY_H 1
| #define HAVE_STRINGS_H 1
| #define HAVE_INTTYPES_H 1
| #define HAVE_STDINT_H 1
| #define HAVE_UNISTD_H 1
| /* end confdefs.h.  */
| #include <stdio.h>
| #ifdef HAVE_SYS_TYPES_H
| # include <sys/types.h>
| #endif
| #ifdef HAVE_SYS_STAT_H
| # include <sys/stat.h>
| #endif
| #ifdef STDC_HEADERS
| # include <stdlib.h>
| # include <stddef.h>
| #else
| # ifdef HAVE_STDLIB_H
| #  include <stdlib.h>
| # endif
| #endif
| #ifdef HAVE_STRING_H
| # if !defined STDC_HEADERS && defined HAVE_MEMORY_H
| #  include <memory.h>
| # endif
| # include <string.h>
| #endif
| #ifdef HAVE_STRINGS_H
| # include <strings.h>
| #endif
| #ifdef HAVE_INTTYPES_H
| # include <inttypes.h>
| #endif
| #ifdef HAVE_STDINT_H
| # include <stdint.h>
| #endif
| #ifdef HAVE_UNISTD_H
| # include <unistd.h>
| #endif
| #include <ui.h>
configure:4338: result: no
configure:4338: checking ui.h presence
configure:4338: gcc -E  conftest.c
conftest.c:21:16: fatal error: ui.h: No such file or directory
 #include <ui.h>
                ^
compilation terminated.
configure:4338: $? = 1
configure: failed program was:
| /* confdefs.h */
| #define PACKAGE_NAME "iceplayer"
| #define PACKAGE_TARNAME "iceplayer"
| #define PACKAGE_VERSION "4.0.5-20110520"
| #define PACKAGE_STRING "iceplayer 4.0.5-20110520"
| #define PACKAGE_BUGREPORT "jasy.ice@163.com"
| #define PACKAGE_URL ""
| #define PACKAGE "iceplayer"
| #define VERSION "4.0.5-20110520"
| #define STDC_HEADERS 1
| #define HAVE_SYS_TYPES_H 1
| #define HAVE_SYS_STAT_H 1
| #define HAVE_STDLIB_H 1
| #define HAVE_STRING_H 1
| #define HAVE_MEMORY_H 1
| #define HAVE_STRINGS_H 1
| #define HAVE_INTTYPES_H 1
| #define HAVE_STDINT_H 1
| #define HAVE_UNISTD_H 1
| /* end confdefs.h.  */
| #include <ui.h>
configure:4338: result: no
configure:4338: checking for ui.h
configure:4338: result: no
configure:4338: checking equalizer.h usability
configure:4338: gcc -c -g -O2  conftest.c >&5
conftest.c:54:23: fatal error: equalizer.h: No such file or directory
 #include <equalizer.h>
                       ^
compilation terminated.
configure:4338: $? = 1
configure: failed program was:
| /* confdefs.h */
| #define PACKAGE_NAME "iceplayer"
| #define PACKAGE_TARNAME "iceplayer"
| #define PACKAGE_VERSION "4.0.5-20110520"
| #define PACKAGE_STRING "iceplayer 4.0.5-20110520"
| #define PACKAGE_BUGREPORT "jasy.ice@163.com"
| #define PACKAGE_URL ""
| #define PACKAGE "iceplayer"
| #define VERSION "4.0.5-20110520"
| #define STDC_HEADERS 1
| #define HAVE_SYS_TYPES_H 1
| #define HAVE_SYS_STAT_H 1
| #define HAVE_STDLIB_H 1
| #define HAVE_STRING_H 1
| #define HAVE_MEMORY_H 1
| #define HAVE_STRINGS_H 1
| #define HAVE_INTTYPES_H 1
| #define HAVE_STDINT_H 1
| #define HAVE_UNISTD_H 1
| /* end confdefs.h.  */
| #include <stdio.h>
| #ifdef HAVE_SYS_TYPES_H
| # include <sys/types.h>
| #endif
| #ifdef HAVE_SYS_STAT_H
| # include <sys/stat.h>
| #endif
| #ifdef STDC_HEADERS
| # include <stdlib.h>
| # include <stddef.h>
| #else
| # ifdef HAVE_STDLIB_H
| #  include <stdlib.h>
| # endif
| #endif
| #ifdef HAVE_STRING_H
| # if !defined STDC_HEADERS && defined HAVE_MEMORY_H
| #  include <memory.h>
| # endif
| # include <string.h>
| #endif
| #ifdef HAVE_STRINGS_H
| # include <strings.h>
| #endif
| #ifdef HAVE_INTTYPES_H
| # include <inttypes.h>
| #endif
| #ifdef HAVE_STDINT_H
| # include <stdint.h>
| #endif
| #ifdef HAVE_UNISTD_H
| # include <unistd.h>
| #endif
| #include <equalizer.h>
configure:4338: result: no
configure:4338: checking equalizer.h presence
configure:4338: gcc -E  conftest.c
conftest.c:21:23: fatal error: equalizer.h: No such file or directory
 #include <equalizer.h>
                       ^
compilation terminated.
configure:4338: $? = 1
configure: failed program was:
| /* confdefs.h */
| #define PACKAGE_NAME "iceplayer"
| #define PACKAGE_TARNAME "iceplayer"
| #define PACKAGE_VERSION "4.0.5-20110520"
| #define PACKAGE_STRING "iceplayer 4.0.5-20110520"
| #define PACKAGE_BUGREPORT "jasy.ice@163.com"
| #define PACKAGE_URL ""
| #define PACKAGE "iceplayer"
| #define VERSION "4.0.5-20110520"
| #define STDC_HEADERS 1
| #define HAVE_SYS_TYPES_H 1
| #define HAVE_SYS_STAT_H 1
| #define HAVE_STDLIB_H 1
| #define HAVE_STRING_H 1
| #define HAVE_MEMORY_H 1
| #define HAVE_STRINGS_H 1
| #define HAVE_INTTYPES_H 1
| #define HAVE_STDINT_H 1
| #define HAVE_UNISTD_H 1
| /* end confdefs.h.  */
| #include <equalizer.h>
configure:4338: result: no
configure:4338: checking for equalizer.h
configure:4338: result: no
configure:4350: checking for inline
configure:4366: gcc -c -g -O2  conftest.c >&5
configure:4366: $? = 0
configure:4374: result: inline
configure:4392: checking for ssize_t
configure:4392: gcc -c -g -O2  conftest.c >&5
configure:4392: $? = 0
configure:4392: gcc -c -g -O2  conftest.c >&5
conftest.c: In function 'main':
conftest.c:57:22: error: expected expression before ')' token
 if (sizeof ((ssize_t)))
                      ^
configure:4392: $? = 1
configure: failed program was:
| /* confdefs.h */
| #define PACKAGE_NAME "iceplayer"
| #define PACKAGE_TARNAME "iceplayer"
| #define PACKAGE_VERSION "4.0.5-20110520"
| #define PACKAGE_STRING "iceplayer 4.0.5-20110520"
| #define PACKAGE_BUGREPORT "jasy.ice@163.com"
| #define PACKAGE_URL ""
| #define PACKAGE "iceplayer"
| #define VERSION "4.0.5-20110520"
| #define STDC_HEADERS 1
| #define HAVE_SYS_TYPES_H 1
| #define HAVE_SYS_STAT_H 1
| #define HAVE_STDLIB_H 1
| #define HAVE_STRING_H 1
| #define HAVE_MEMORY_H 1
| #define HAVE_STRINGS_H 1
| #define HAVE_INTTYPES_H 1
| #define HAVE_STDINT_H 1
| #define HAVE_UNISTD_H 1
| /* end confdefs.h.  */
| #include <stdio.h>
| #ifdef HAVE_SYS_TYPES_H
| # include <sys/types.h>
| #endif
| #ifdef HAVE_SYS_STAT_H
| # include <sys/stat.h>
| #endif
| #ifdef STDC_HEADERS
| # include <stdlib.h>
| # include <stddef.h>
| #else
| # ifdef HAVE_STDLIB_H
| #  include <stdlib.h>
| # endif
| #endif
| #ifdef HAVE_STRING_H
| # if !defined STDC_HEADERS && defined HAVE_MEMORY_H
| #  include <memory.h>
| # endif
| # include <string.h>
| #endif
| #ifdef HAVE_STRINGS_H
| # include <strings.h>
| #endif
| #ifdef HAVE_INTTYPES_H
| # include <inttypes.h>
| #endif
| #ifdef HAVE_STDINT_H
| # include <stdint.h>
| #endif
| #ifdef HAVE_UNISTD_H
| # include <unistd.h>
| #endif
| int
| main ()
| {
| if (sizeof ((ssize_t)))
| 	    return 0;
|   ;
|   return 0;
| }
configure:4392: result: yes
configure:4407: checking for stdlib.h
configure:4407: result: yes
configure:4417: checking for GNU libc compatible malloc
configure:4441: gcc -o conftest -g -O2   conftest.c  >&5
configure:4441: $? = 0
configure:4441: ./conftest
configure:4441: $? = 0
configure:4451: result: yes
configure:4475: checking for X
configure:4475: gcc -o conftest -g -O2   conftest.c  >&5
/tmp/ccCErm7b.o: In function `main':
/home/qingyu/bin/iceplayer-4.0.5-20110520/conftest.c:57: undefined reference to `X'
collect2: error: ld returned 1 exit status
configure:4475: $? = 1
configure: failed program was:
| /* confdefs.h */
| #define PACKAGE_NAME "iceplayer"
| #define PACKAGE_TARNAME "iceplayer"
| #define PACKAGE_VERSION "4.0.5-20110520"
| #define PACKAGE_STRING "iceplayer 4.0.5-20110520"
| #define PACKAGE_BUGREPORT "jasy.ice@163.com"
| #define PACKAGE_URL ""
| #define PACKAGE "iceplayer"
| #define VERSION "4.0.5-20110520"
| #define STDC_HEADERS 1
| #define HAVE_SYS_TYPES_H 1
| #define HAVE_SYS_STAT_H 1
| #define HAVE_STDLIB_H 1
| #define HAVE_STRING_H 1
| #define HAVE_MEMORY_H 1
| #define HAVE_STRINGS_H 1
| #define HAVE_INTTYPES_H 1
| #define HAVE_STDINT_H 1
| #define HAVE_UNISTD_H 1
| #define HAVE_STDLIB_H 1
| #define HAVE_MALLOC 1
| /* end confdefs.h.  */
| /* Define X to an innocuous variant, in case <limits.h> declares X.
|    For example, HP-UX 11i <limits.h> declares gettimeofday.  */
| #define X innocuous_X
| 
| /* System header to define __stub macros and hopefully few prototypes,
|     which can conflict with char X (); below.
|     Prefer <limits.h> to <assert.h> if __STDC__ is defined, since
|     <limits.h> exists even on freestanding compilers.  */
| 
| #ifdef __STDC__
| # include <limits.h>
| #else
| # include <assert.h>
| #endif
| 
| #undef X
| 
| /* Override any GCC internal prototype to avoid an error.
|    Use char because int might match the return type of a GCC
|    builtin and then its argument prototype would still apply.  */
| #ifdef __cplusplus
| extern "C"
| #endif
| char X ();
| /* The GNU C library defines this for functions which it implements
|     to always fail with ENOSYS.  Some functions are actually named
|     something starting with __ and the normal name is an alias.  */
| #if defined __stub_X || defined __stub___X
| choke me
| #endif
| 
| int
| main ()
| {
| return X ();
|   ;
|   return 0;
| }
configure:4475: result: no
configure:4475: checking for $CC
configure:4475: gcc -o conftest -g -O2   conftest.c  >&5
/tmp/cc0R1hj6.s: Assembler messages:
/tmp/cc0R1hj6.s:17: Error: operand type mismatch for `call'
configure:4475: $? = 1
configure: failed program was:
| /* confdefs.h */
| #define PACKAGE_NAME "iceplayer"
| #define PACKAGE_TARNAME "iceplayer"
| #define PACKAGE_VERSION "4.0.5-20110520"
| #define PACKAGE_STRING "iceplayer 4.0.5-20110520"
| #define PACKAGE_BUGREPORT "jasy.ice@163.com"
| #define PACKAGE_URL ""
| #define PACKAGE "iceplayer"
| #define VERSION "4.0.5-20110520"
| #define STDC_HEADERS 1
| #define HAVE_SYS_TYPES_H 1
| #define HAVE_SYS_STAT_H 1
| #define HAVE_STDLIB_H 1
| #define HAVE_STRING_H 1
| #define HAVE_MEMORY_H 1
| #define HAVE_STRINGS_H 1
| #define HAVE_INTTYPES_H 1
| #define HAVE_STDINT_H 1
| #define HAVE_UNISTD_H 1
| #define HAVE_STDLIB_H 1
| #define HAVE_MALLOC 1
| /* end confdefs.h.  */
| /* Define $CC to an innocuous variant, in case <limits.h> declares $CC.
|    For example, HP-UX 11i <limits.h> declares gettimeofday.  */
| #define $CC innocuous_$CC
| 
| /* System header to define __stub macros and hopefully few prototypes,
|     which can conflict with char $CC (); below.
|     Prefer <limits.h> to <assert.h> if __STDC__ is defined, since
|     <limits.h> exists even on freestanding compilers.  */
| 
| #ifdef __STDC__
| # include <limits.h>
| #else
| # include <assert.h>
| #endif
| 
| #undef $CC
| 
| /* Override any GCC internal prototype to avoid an error.
|    Use char because int might match the return type of a GCC
|    builtin and then its argument prototype would still apply.  */
| #ifdef __cplusplus
| extern "C"
| #endif
| char $CC ();
| /* The GNU C library defines this for functions which it implements
|     to always fail with ENOSYS.  Some functions are actually named
|     something starting with __ and the normal name is an alias.  */
| #if defined __stub_$CC || defined __stub___$CC
| choke me
| #endif
| 
| int
| main ()
| {
| return $CC ();
|   ;
|   return 0;
| }
configure:4475: result: no
configure:4475: checking for -c
configure:4475: gcc -o conftest -g -O2   conftest.c  >&5
conftest.c:25:9: error: macro names must be identifiers
 #define -c innocuous_-c
         ^
conftest.c:38:8: error: macro names must be identifiers
 #undef -c
        ^
conftest.c:38:9: warning: extra tokens at end of #undef directive [enabled by default]
 #undef -c
         ^
conftest.c:46:6: error: expected identifier or '(' before '-' token
 char -c ();
      ^
configure:4475: $? = 1
configure: failed program was:
| /* confdefs.h */
| #define PACKAGE_NAME "iceplayer"
| #define PACKAGE_TARNAME "iceplayer"
| #define PACKAGE_VERSION "4.0.5-20110520"
| #define PACKAGE_STRING "iceplayer 4.0.5-20110520"
| #define PACKAGE_BUGREPORT "jasy.ice@163.com"
| #define PACKAGE_URL ""
| #define PACKAGE "iceplayer"
| #define VERSION "4.0.5-20110520"
| #define STDC_HEADERS 1
| #define HAVE_SYS_TYPES_H 1
| #define HAVE_SYS_STAT_H 1
| #define HAVE_STDLIB_H 1
| #define HAVE_STRING_H 1
| #define HAVE_MEMORY_H 1
| #define HAVE_STRINGS_H 1
| #define HAVE_INTTYPES_H 1
| #define HAVE_STDINT_H 1
| #define HAVE_UNISTD_H 1
| #define HAVE_STDLIB_H 1
| #define HAVE_MALLOC 1
| /* end confdefs.h.  */
| /* Define -c to an innocuous variant, in case <limits.h> declares -c.
|    For example, HP-UX 11i <limits.h> declares gettimeofday.  */
| #define -c innocuous_-c
| 
| /* System header to define __stub macros and hopefully few prototypes,
|     which can conflict with char -c (); below.
|     Prefer <limits.h> to <assert.h> if __STDC__ is defined, since
|     <limits.h> exists even on freestanding compilers.  */
| 
| #ifdef __STDC__
| # include <limits.h>
| #else
| # include <assert.h>
| #endif
| 
| #undef -c
| 
| /* Override any GCC internal prototype to avoid an error.
|    Use char because int might match the return type of a GCC
|    builtin and then its argument prototype would still apply.  */
| #ifdef __cplusplus
| extern "C"
| #endif
| char -c ();
| /* The GNU C library defines this for functions which it implements
|     to always fail with ENOSYS.  Some functions are actually named
|     something starting with __ and the normal name is an alias.  */
| #if defined __stub_-c || defined __stub___-c
| choke me
| #endif
| 
| int
| main ()
| {
| return -c ();
|   ;
|   return 0;
| }
configure:4475: result: no
configure:4475: checking for $CFLAGS
configure:4475: gcc -o conftest -g -O2   conftest.c  >&5
/tmp/cczwHaK9.s: Assembler messages:
/tmp/cczwHaK9.s:17: Error: operand type mismatch for `call'
configure:4475: $? = 1
configure: failed program was:
| /* confdefs.h */
| #define PACKAGE_NAME "iceplayer"
| #define PACKAGE_TARNAME "iceplayer"
| #define PACKAGE_VERSION "4.0.5-20110520"
| #define PACKAGE_STRING "iceplayer 4.0.5-20110520"
| #define PACKAGE_BUGREPORT "jasy.ice@163.com"
| #define PACKAGE_URL ""
| #define PACKAGE "iceplayer"
| #define VERSION "4.0.5-20110520"
| #define STDC_HEADERS 1
| #define HAVE_SYS_TYPES_H 1
| #define HAVE_SYS_STAT_H 1
| #define HAVE_STDLIB_H 1
| #define HAVE_STRING_H 1
| #define HAVE_MEMORY_H 1
| #define HAVE_STRINGS_H 1
| #define HAVE_INTTYPES_H 1
| #define HAVE_STDINT_H 1
| #define HAVE_UNISTD_H 1
| #define HAVE_STDLIB_H 1
| #define HAVE_MALLOC 1
| /* end confdefs.h.  */
| /* Define $CFLAGS to an innocuous variant, in case <limits.h> declares $CFLAGS.
|    For example, HP-UX 11i <limits.h> declares gettimeofday.  */
| #define $CFLAGS innocuous_$CFLAGS
| 
| /* System header to define __stub macros and hopefully few prototypes,
|     which can conflict with char $CFLAGS (); below.
|     Prefer <limits.h> to <assert.h> if __STDC__ is defined, since
|     <limits.h> exists even on freestanding compilers.  */
| 
| #ifdef __STDC__
| # include <limits.h>
| #else
| # include <assert.h>
| #endif
| 
| #undef $CFLAGS
| 
| /* Override any GCC internal prototype to avoid an error.
|    Use char because int might match the return type of a GCC
|    builtin and then its argument prototype would still apply.  */
| #ifdef __cplusplus
| extern "C"
| #endif
| char $CFLAGS ();
| /* The GNU C library defines this for functions which it implements
|     to always fail with ENOSYS.  Some functions are actually named
|     something starting with __ and the normal name is an alias.  */
| #if defined __stub_$CFLAGS || defined __stub___$CFLAGS
| choke me
| #endif
| 
| int
| main ()
| {
| return $CFLAGS ();
|   ;
|   return 0;
| }
configure:4475: result: no
configure:4475: checking for $CPPFLAGS
configure:4475: gcc -o conftest -g -O2   conftest.c  >&5
/tmp/cccyj1kf.s: Assembler messages:
/tmp/cccyj1kf.s:17: Error: operand type mismatch for `call'
configure:4475: $? = 1
configure: failed program was:
| /* confdefs.h */
| #define PACKAGE_NAME "iceplayer"
| #define PACKAGE_TARNAME "iceplayer"
| #define PACKAGE_VERSION "4.0.5-20110520"
| #define PACKAGE_STRING "iceplayer 4.0.5-20110520"
| #define PACKAGE_BUGREPORT "jasy.ice@163.com"
| #define PACKAGE_URL ""
| #define PACKAGE "iceplayer"
| #define VERSION "4.0.5-20110520"
| #define STDC_HEADERS 1
| #define HAVE_SYS_TYPES_H 1
| #define HAVE_SYS_STAT_H 1
| #define HAVE_STDLIB_H 1
| #define HAVE_STRING_H 1
| #define HAVE_MEMORY_H 1
| #define HAVE_STRINGS_H 1
| #define HAVE_INTTYPES_H 1
| #define HAVE_STDINT_H 1
| #define HAVE_UNISTD_H 1
| #define HAVE_STDLIB_H 1
| #define HAVE_MALLOC 1
| /* end confdefs.h.  */
| /* Define $CPPFLAGS to an innocuous variant, in case <limits.h> declares $CPPFLAGS.
|    For example, HP-UX 11i <limits.h> declares gettimeofday.  */
| #define $CPPFLAGS innocuous_$CPPFLAGS
| 
| /* System header to define __stub macros and hopefully few prototypes,
|     which can conflict with char $CPPFLAGS (); below.
|     Prefer <limits.h> to <assert.h> if __STDC__ is defined, since
|     <limits.h> exists even on freestanding compilers.  */
| 
| #ifdef __STDC__
| # include <limits.h>
| #else
| # include <assert.h>
| #endif
| 
| #undef $CPPFLAGS
| 
| /* Override any GCC internal prototype to avoid an error.
|    Use char because int might match the return type of a GCC
|    builtin and then its argument prototype would still apply.  */
| #ifdef __cplusplus
| extern "C"
| #endif
| char $CPPFLAGS ();
| /* The GNU C library defines this for functions which it implements
|     to always fail with ENOSYS.  Some functions are actually named
|     something starting with __ and the normal name is an alias.  */
| #if defined __stub_$CPPFLAGS || defined __stub___$CPPFLAGS
| choke me
| #endif
| 
| int
| main ()
| {
| return $CPPFLAGS ();
|   ;
|   return 0;
| }
configure:4475: result: no
configure:4475: checking for conftest.$ac_ext
configure:4475: gcc -o conftest -g -O2   conftest.c  >&5
conftest.c:25:17: warning: missing whitespace after the macro name [enabled by default]
 #define conftest.$ac_ext innocuous_conftest.$ac_ext
                 ^
conftest.c:38:16: warning: extra tokens at end of #undef directive [enabled by default]
 #undef conftest.$ac_ext
                ^
conftest.c:46:14: error: expected '=', ',', ';', 'asm' or '__attribute__' before '.' token
 char conftest.$ac_ext ();
              ^
conftest.c:50:28: error: token "." is not valid in preprocessor expressions
 #if defined __stub_conftest.$ac_ext || defined __stub___conftest.$ac_ext
                            ^
conftest.c: In function 'main':
conftest.c:57:8: error: 'conftest' undeclared (first use in this function)
 return conftest.$ac_ext ();
        ^
conftest.c:57:8: note: each undeclared identifier is reported only once for each function it appears in
configure:4475: $? = 1
configure: failed program was:
| /* confdefs.h */
| #define PACKAGE_NAME "iceplayer"
| #define PACKAGE_TARNAME "iceplayer"
| #define PACKAGE_VERSION "4.0.5-20110520"
| #define PACKAGE_STRING "iceplayer 4.0.5-20110520"
| #define PACKAGE_BUGREPORT "jasy.ice@163.com"
| #define PACKAGE_URL ""
| #define PACKAGE "iceplayer"
| #define VERSION "4.0.5-20110520"
| #define STDC_HEADERS 1
| #define HAVE_SYS_TYPES_H 1
| #define HAVE_SYS_STAT_H 1
| #define HAVE_STDLIB_H 1
| #define HAVE_STRING_H 1
| #define HAVE_MEMORY_H 1
| #define HAVE_STRINGS_H 1
| #define HAVE_INTTYPES_H 1
| #define HAVE_STDINT_H 1
| #define HAVE_UNISTD_H 1
| #define HAVE_STDLIB_H 1
| #define HAVE_MALLOC 1
| /* end confdefs.h.  */
| /* Define conftest.$ac_ext to an innocuous variant, in case <limits.h> declares conftest.$ac_ext.
|    For example, HP-UX 11i <limits.h> declares gettimeofday.  */
| #define conftest.$ac_ext innocuous_conftest.$ac_ext
| 
| /* System header to define __stub macros and hopefully few prototypes,
|     which can conflict with char conftest.$ac_ext (); below.
|     Prefer <limits.h> to <assert.h> if __STDC__ is defined, since
|     <limits.h> exists even on freestanding compilers.  */
| 
| #ifdef __STDC__
| # include <limits.h>
| #else
| # include <assert.h>
| #endif
| 
| #undef conftest.$ac_ext
| 
| /* Override any GCC internal prototype to avoid an error.
|    Use char because int might match the return type of a GCC
|    builtin and then its argument prototype would still apply.  */
| #ifdef __cplusplus
| extern "C"
| #endif
| char conftest.$ac_ext ();
| /* The GNU C library defines this for functions which it implements
|     to always fail with ENOSYS.  Some functions are actually named
|     something starting with __ and the normal name is an alias.  */
| #if defined __stub_conftest.$ac_ext || defined __stub___conftest.$ac_ext
| choke me
| #endif
| 
| int
| main ()
| {
| return conftest.$ac_ext ();
|   ;
|   return 0;
| }
configure:4475: result: no
configure:4475: checking for >&5
configure:4475: gcc -o conftest -g -O2   conftest.c  >&5
conftest.c:25:9: error: macro names must be identifiers
 #define >&5 innocuous_>&5
         ^
conftest.c:38:8: error: macro names must be identifiers
 #undef >&5
        ^
conftest.c:38:9: warning: extra tokens at end of #undef directive [enabled by default]
 #undef >&5
         ^
conftest.c:46:6: error: expected identifier or '(' before '>' token
 char >&5 ();
      ^
conftest.c:50:21: error: operator '>' has no right operand
 #if defined __stub_>&5 || defined __stub___>&5
                     ^
conftest.c: In function 'main':
conftest.c:57:8: error: expected expression before '>' token
 return >&5 ();
        ^
configure:4475: $? = 1
configure: failed program was:
| /* confdefs.h */
| #define PACKAGE_NAME "iceplayer"
| #define PACKAGE_TARNAME "iceplayer"
| #define PACKAGE_VERSION "4.0.5-20110520"
| #define PACKAGE_STRING "iceplayer 4.0.5-20110520"
| #define PACKAGE_BUGREPORT "jasy.ice@163.com"
| #define PACKAGE_URL ""
| #define PACKAGE "iceplayer"
| #define VERSION "4.0.5-20110520"
| #define STDC_HEADERS 1
| #define HAVE_SYS_TYPES_H 1
| #define HAVE_SYS_STAT_H 1
| #define HAVE_STDLIB_H 1
| #define HAVE_STRING_H 1
| #define HAVE_MEMORY_H 1
| #define HAVE_STRINGS_H 1
| #define HAVE_INTTYPES_H 1
| #define HAVE_STDINT_H 1
| #define HAVE_UNISTD_H 1
| #define HAVE_STDLIB_H 1
| #define HAVE_MALLOC 1
| /* end confdefs.h.  */
| /* Define >&5 to an innocuous variant, in case <limits.h> declares >&5.
|    For example, HP-UX 11i <limits.h> declares gettimeofday.  */
| #define >&5 innocuous_>&5
| 
| /* System header to define __stub macros and hopefully few prototypes,
|     which can conflict with char >&5 (); below.
|     Prefer <limits.h> to <assert.h> if __STDC__ is defined, since
|     <limits.h> exists even on freestanding compilers.  */
| 
| #ifdef __STDC__
| # include <limits.h>
| #else
| # include <assert.h>
| #endif
| 
| #undef >&5
| 
| /* Override any GCC internal prototype to avoid an error.
|    Use char because int might match the return type of a GCC
|    builtin and then its argument prototype would still apply.  */
| #ifdef __cplusplus
| extern "C"
| #endif
| char >&5 ();
| /* The GNU C library defines this for functions which it implements
|     to always fail with ENOSYS.  Some functions are actually named
|     something starting with __ and the normal name is an alias.  */
| #if defined __stub_>&5 || defined __stub___>&5
| choke me
| #endif
| 
| int
| main ()
| {
| return >&5 ();
|   ;
|   return 0;
| }
configure:4475: result: no
configure:4617: creating ./config.status

## ---------------- ##
## Cache variables. ##
## ---------------- ##

ac_cv_c_compiler_gnu=yes
ac_cv_c_inline=inline
ac_cv_env_CC_set=
ac_cv_env_CC_value=
ac_cv_env_CFLAGS_set=
ac_cv_env_CFLAGS_value=
ac_cv_env_CPPFLAGS_set=
ac_cv_env_CPPFLAGS_value=
ac_cv_env_CPP_set=
ac_cv_env_CPP_value=
ac_cv_env_LDFLAGS_set=
ac_cv_env_LDFLAGS_value=
ac_cv_env_LIBS_set=
ac_cv_env_LIBS_value=
ac_cv_env_XMKMF_set=
ac_cv_env_XMKMF_value=
ac_cv_env_build_alias_set=
ac_cv_env_build_alias_value=
ac_cv_env_host_alias_set=
ac_cv_env_host_alias_value=
ac_cv_env_target_alias_set=
ac_cv_env_target_alias_value=
ac_cv_func_X=no
ac_cv_func__CC=no
ac_cv_func__CFLAGS=no
ac_cv_func__CPPFLAGS=no
ac_cv_func___5=no
ac_cv_func__c=no
ac_cv_func_conftest__ac_ext=no
ac_cv_func_malloc_0_nonnull=yes
ac_cv_have_x='have_x=yes	ac_x_includes='\'''\''	ac_x_libraries='\'''\'''
ac_cv_header_about_h=no
ac_cv_header_common_h=no
ac_cv_header_configure_h=no
ac_cv_header_core_h=no
ac_cv_header_desktop_lrc_h=no
ac_cv_header_download_h=no
ac_cv_header_equalizer_h=no
ac_cv_header_help_h=no
ac_cv_header_id3_h=no
ac_cv_header_instance_h=no
ac_cv_header_inttypes_h=yes
ac_cv_header_keybinding_h=no
ac_cv_header_list_h=no
ac_cv_header_lrc_h=no
ac_cv_header_memory_h=yes
ac_cv_header_mini_h=no
ac_cv_header_single_h=no
ac_cv_header_stdc=yes
ac_cv_header_stdint_h=yes
ac_cv_header_stdlib_h=yes
ac_cv_header_string_h=yes
ac_cv_header_strings_h=yes
ac_cv_header_sys_stat_h=yes
ac_cv_header_sys_types_h=yes
ac_cv_header_ui_h=no
ac_cv_header_unistd_h=yes
ac_cv_header_update_h=no
ac_cv_header_widget_lrc_h=no
ac_cv_lib__lgtk_x11_2_0__lgdk_x11_2_0__lpangocairo_1_0__latk_1_0__lcairo__lgdk_pixbuf_2_0__lgio_2_0__lpangoft2_1_0__lpango_1_0__lgobject_2_0__lglib_2_0__lfontconfig__lfreetype__lgstreamer_0_10__lgobject_2_0__lgmodule_2_0__pthread__lgthread_2_0__pthread__lglib_2_0__lxml2____lX11__lnotify____lgtk_x11_2_0__lgdk_x11_2_0__lpangocairo_1_0__latk_1_0__lcairo__lgdk_pixbuf_2_0__lgio_2_0__lpangoft2_1_0__lpango_1_0__lgobject_2_0__lglib_2_0__lfontconfig__lfreetype__lgstreamer_0_10__lgobject_2_0__lgmodule_2_0__pthread__lgthread_2_0__pthread__lglib_2_0__lxml2____lX11__lnotify=no
ac_cv_objext=o
ac_cv_path_EGREP='/usr/bin/grep -E'
ac_cv_path_GREP=/usr/bin/grep
ac_cv_path_install='/usr/bin/install -c'
ac_cv_path_mkdir=/usr/bin/mkdir
ac_cv_prog_AWK=gawk
ac_cv_prog_CPP='gcc -E'
ac_cv_prog_ac_ct_CC=gcc
ac_cv_prog_cc_c89=
ac_cv_prog_cc_g=yes
ac_cv_prog_make_make_set=yes
ac_cv_type_ssize_t=yes
am_cv_CC_dependencies_compiler_type=gcc3

## ----------------- ##
## Output variables. ##
## ----------------- ##

ACLOCAL='${SHELL} /home/qingyu/bin/iceplayer-4.0.5-20110520/missing --run aclocal-1.11'
AMDEPBACKSLASH='\'
AMDEP_FALSE='#'
AMDEP_TRUE=''
AMTAR='${SHELL} /home/qingyu/bin/iceplayer-4.0.5-20110520/missing --run tar'
AUTOCONF='${SHELL} /home/qingyu/bin/iceplayer-4.0.5-20110520/missing --run autoconf'
AUTOHEADER='${SHELL} /home/qingyu/bin/iceplayer-4.0.5-20110520/missing --run autoheader'
AUTOMAKE='${SHELL} /home/qingyu/bin/iceplayer-4.0.5-20110520/missing --run automake-1.11'
AWK='gawk'
CC='gcc'
CCDEPMODE='depmode=gcc3'
CFLAGS='-g -O2'
CPP='gcc -E'
CPPFLAGS=''
CYGPATH_W='echo'
DEFS='-DHAVE_CONFIG_H'
DEPDIR='.deps'
ECHO_C=''
ECHO_N='-n'
ECHO_T=''
EGREP='/usr/bin/grep -E'
EXEEXT=''
GREP='/usr/bin/grep'
INSTALL_DATA='${INSTALL} -m 644'
INSTALL_PROGRAM='${INSTALL}'
INSTALL_SCRIPT='${INSTALL}'
INSTALL_STRIP_PROGRAM='$(install_sh) -c -s'
LDFLAGS=''
LIBOBJS=''
LIBS=''
LTLIBOBJS=''
MAKEINFO='${SHELL} /home/qingyu/bin/iceplayer-4.0.5-20110520/missing --run makeinfo'
MKDIR_P='/usr/bin/mkdir -p'
OBJEXT='o'
PACKAGE='iceplayer'
PACKAGE_BUGREPORT='jasy.ice@163.com'
PACKAGE_NAME='iceplayer'
PACKAGE_STRING='iceplayer 4.0.5-20110520'
PACKAGE_TARNAME='iceplayer'
PACKAGE_URL=''
PACKAGE_VERSION='4.0.5-20110520'
PATH_SEPARATOR=':'
SET_MAKE=''
SHELL='/bin/sh'
STRIP=''
VERSION='4.0.5-20110520'
XMKMF=''
ac_ct_CC='gcc'
am__EXEEXT_FALSE=''
am__EXEEXT_TRUE='#'
am__fastdepCC_FALSE='#'
am__fastdepCC_TRUE=''
am__include='include'
am__isrc=''
am__leading_dot='.'
am__quote=''
am__tar='${AMTAR} chof - "$$tardir"'
am__untar='${AMTAR} xf -'
bindir='${exec_prefix}/bin'
build_alias=''
datadir='${datarootdir}'
datarootdir='${prefix}/share'
docdir='${datarootdir}/doc/${PACKAGE_TARNAME}'
dvidir='${docdir}'
exec_prefix='${prefix}'
host_alias=''
htmldir='${docdir}'
includedir='${prefix}/include'
infodir='${datarootdir}/info'
install_sh='${SHELL} /home/qingyu/bin/iceplayer-4.0.5-20110520/install-sh'
libdir='${exec_prefix}/lib64'
libexecdir='${exec_prefix}/lib'
localedir='${datarootdir}/locale'
localstatedir='${prefix}/var'
mandir='${datarootdir}/man'
mkdir_p='/usr/bin/mkdir -p'
oldincludedir='/usr/include'
pdfdir='${docdir}'
prefix='/usr/local'
program_transform_name='s,x,x,'
psdir='${docdir}'
sbindir='${exec_prefix}/sbin'
sharedstatedir='${prefix}/com'
sysconfdir='${prefix}/etc'
target_alias=''

## ----------- ##
## confdefs.h. ##
## ----------- ##

/* confdefs.h */
#define PACKAGE_NAME "iceplayer"
#define PACKAGE_TARNAME "iceplayer"
#define PACKAGE_VERSION "4.0.5-20110520"
#define PACKAGE_STRING "iceplayer 4.0.5-20110520"
#define PACKAGE_BUGREPORT "jasy.ice@163.com"
#define PACKAGE_URL ""
#define PACKAGE "iceplayer"
#define VERSION "4.0.5-20110520"
#define STDC_HEADERS 1
#define HAVE_SYS_TYPES_H 1
#define HAVE_SYS_STAT_H 1
#define HAVE_STDLIB_H 1
#define HAVE_STRING_H 1
#define HAVE_MEMORY_H 1
#define HAVE_STRINGS_H 1
#define HAVE_INTTYPES_H 1
#define HAVE_STDINT_H 1
#define HAVE_UNISTD_H 1
#define HAVE_STDLIB_H 1
#define HAVE_MALLOC 1

configure: exit 0

## ---------------------- ##
## Running config.status. ##
## ---------------------- ##

This file was extended by iceplayer config.status 4.0.5-20110520, which was
generated by GNU Autoconf 2.69.  Invocation command line was

  CONFIG_FILES    = 
  CONFIG_HEADERS  = 
  CONFIG_LINKS    = 
  CONFIG_COMMANDS = 
  $ ./config.status 

on qingyu-GreatWall

config.status:856: creating Makefile
config.status:856: creating data/Makefile
config.status:856: creating data/skin/Makefile
config.status:856: creating data/skin/blue_life_slax/Makefile
config.status:856: creating data/skin/koukou_slax/Makefile
config.status:856: creating data/skin/mac_slax/Makefile
config.status:856: creating data/skin/new_style_slax/Makefile
config.status:856: creating config.h
config.status:1085: executing depfiles commands

## ---------------------- ##
## Running config.status. ##
## ---------------------- ##

This file was extended by iceplayer config.status 4.0.5-20110520, which was
generated by GNU Autoconf 2.69.  Invocation command line was

  CONFIG_FILES    = 
  CONFIG_HEADERS  = 
  CONFIG_LINKS    = 
  CONFIG_COMMANDS = 
  $ ./config.status config.h

on qingyu-GreatWall

config.status:856: creating config.h
config.status:1037: config.h is unchanged
